#
# A fatal error has been detected by the Java Runtime Environment:
#
#  EXCEPTION_ACCESS_VIOLATION (0xc0000005) at pc=0x0000000066bcbd0d, pid=8172, tid=0x000000000000028c
#
# JRE version: Java(TM) SE Runtime Environment (8.0_111-b14) (build 1.8.0_111-b14)
# Java VM: Java HotSpot(TM) 64-Bit Server VM (25.111-b14 mixed mode windows-amd64 compressed oops)
# Problematic frame:
# C  [gdx-box2d64.dll+0xbd0d]
#
# Failed to write core dump. Minidumps are not enabled by default on client versions of Windows
#
# If you would like to submit a bug report, please visit:
#   http://bugreport.java.com/bugreport/crash.jsp
# The crash happened outside the Java Virtual Machine in native code.
# See problematic frame for where to report the bug.
#

---------------  T H R E A D  ---------------

Current thread (0x000000005592d800):  JavaThread "LWJGL Application" [_thread_in_native, id=652, stack(0x00000000561b0000,0x00000000562b0000)]

siginfo: ExceptionCode=0xc0000005, reading address 0x00000020003dee40

Registers:
RAX=0x00000020003dee40, RBX=0x00000000003ae010, RCX=0x00000000003adfe0, RDX=0x00000000000000b8
RSP=0x00000000562aed80, RBP=0x0000000000000006, RSI=0x00000000003adfe0, RDI=0x00000000562aee40
R8 =0x00000000003adfe0, R9 =0x0000000000000002, R10=0x0000000000000000, R11=0x0000000000000001
R12=0x0000000000000000, R13=0x0000000053ec4dc8, R14=0x00000000562af030, R15=0x000000005592d800
RIP=0x0000000066bcbd0d, EFLAGS=0x0000000000010202

Top of Stack: (sp=0x00000000562aed80)
0x00000000562aed80:   0000000053ec4dc8 000000005592d800
0x00000000562aed90:   0000000060cd88a8 0000000056c01e70
0x00000000562aeda0:   0000000000000012 00000000003adfe0
0x00000000562aedb0:   0000000053720480 00000000562aee40
0x00000000562aedc0:   00000000562aef88 0000000000000000
0x00000000562aedd0:   0000000053ec4dc8 0000000066be2483
0x00000000562aede0:   00000000562aee80 00000000562aee80
0x00000000562aedf0:   0000000000000003 0000000053ec4dc8
0x00000000562aee00:   0000000000000001 0000000053720480
0x00000000562aee10:   000000000005df20 0000000066be8616
0x00000000562aee20:   0000000000000000 000000000005df20
0x00000000562aee30:   00000000562aef88 00000000026354d8
0x00000000562aee40:   418c27ad00000002 000000003f854791
0x00000000562aee50:   0000000000000000 0000000000000000
0x00000000562aee60:   0000010100000000 00000000562af001
0x00000000562aee70:   0000000000000000 000000003f800000 

Instructions: (pc=0x0000000066bcbd0d)
0x0000000066bcbced:   48 8d 05 6c a3 05 00 0f b6 1c 18 80 fb 0d 0f b6
0x0000000066bcbcfd:   eb 77 21 48 8d 1c de 48 8b 43 10 48 85 c0 74 3a
0x0000000066bcbd0d:   48 8b 10 48 89 53 10 48 83 c4 28 5b 5e 5f 5d 41
0x0000000066bcbd1d:   5c 41 5d c3 48 8d 15 18 9e 04 00 48 8d 0d 99 9e 


Register to memory mapping:

RAX=0x00000020003dee40 is an unknown value
RBX=0x00000000003ae010 is an unknown value
RCX=0x00000000003adfe0 is an unknown value
RDX=0x00000000000000b8 is an unknown value
RSP=0x00000000562aed80 is pointing into the stack for thread: 0x000000005592d800
RBP=0x0000000000000006 is an unknown value
RSI=0x00000000003adfe0 is an unknown value
RDI=0x00000000562aee40 is pointing into the stack for thread: 0x000000005592d800
R8 =0x00000000003adfe0 is an unknown value
R9 =0x0000000000000002 is an unknown value
R10=0x0000000000000000 is an unknown value
R11=0x0000000000000001 is an unknown value
R12=0x0000000000000000 is an unknown value
R13={method} {0x0000000053ec4dd0} 'jniCreateBody' '(JIFFFFFFFFZZZZZF)J' in 'com/badlogic/gdx/physics/box2d/World'
R14=0x00000000562af030 is pointing into the stack for thread: 0x000000005592d800
R15=0x000000005592d800 is a thread


Stack: [0x00000000561b0000,0x00000000562b0000],  sp=0x00000000562aed80,  free space=1019k
Native frames: (J=compiled Java code, j=interpreted, Vv=VM code, C=native code)
C  [gdx-box2d64.dll+0xbd0d]
C  [gdx-box2d64.dll+0x22483]
C  [gdx-box2d64.dll+0x28616]
C  0x00000000026459b4

Java frames: (J=compiled Java code, j=interpreted, Vv=VM code)
j  com.badlogic.gdx.physics.box2d.World.jniCreateBody(JIFFFFFFFFZZZZZF)J+0
j  com.badlogic.gdx.physics.box2d.World.createBody(Lcom/badlogic/gdx/physics/box2d/BodyDef;)Lcom/badlogic/gdx/physics/box2d/Body;+80
j  com.sugarplum.mariobros.Sprites.Items.Mushroom.defineItem()V+37
j  com.sugarplum.mariobros.Sprites.Items.Item.<init>(Lcom/sugarplum/mariobros/Screens/PlayScreen;FF)V+40
j  com.sugarplum.mariobros.Sprites.Items.Mushroom.<init>(Lcom/sugarplum/mariobros/Screens/PlayScreen;FF)V+4
J 1188 C1 com.sugarplum.mariobros.Screens.PlayScreen.handleSpawningItems()V (60 bytes) @ 0x0000000002aa2abc [0x0000000002aa26e0+0x3dc]
J 1102 C1 com.sugarplum.mariobros.Screens.PlayScreen.update(F)V (178 bytes) @ 0x0000000002a60154 [0x0000000002a60080+0xd4]
J 1104 C1 com.sugarplum.mariobros.Screens.PlayScreen.render(F)V (223 bytes) @ 0x0000000002a6315c [0x0000000002a630c0+0x9c]
J 1257 C1 com.sugarplum.mariobros.MarioBros.render()V (5 bytes) @ 0x0000000002addef4 [0x0000000002addd20+0x1d4]
j  com.badlogic.gdx.backends.lwjgl.LwjglApplication.mainLoop()V+698
j  com.badlogic.gdx.backends.lwjgl.LwjglApplication$1.run()V+27
v  ~StubRoutines::call_stub

---------------  P R O C E S S  ---------------

Java Threads: ( => current thread )
  0x0000000056efa800 JavaThread "LWJGL Timer" daemon [_thread_blocked, id=4888, stack(0x000000005a590000,0x000000005a690000)]
  0x0000000056c9e800 JavaThread "AsynchExecutor-Thread" daemon [_thread_blocked, id=4452, stack(0x0000000059cb0000,0x0000000059db0000)]
  0x0000000001e30000 JavaThread "DestroyJavaVM" [_thread_blocked, id=6592, stack(0x0000000002260000,0x0000000002360000)]
=>0x000000005592d800 JavaThread "LWJGL Application" [_thread_in_native, id=652, stack(0x00000000561b0000,0x00000000562b0000)]
  0x0000000055749000 JavaThread "Monitor Ctrl-Break" daemon [_thread_in_native, id=1144, stack(0x0000000055d60000,0x0000000055e60000)]
  0x0000000055620800 JavaThread "Service Thread" daemon [_thread_blocked, id=2624, stack(0x0000000055b80000,0x0000000055c80000)]
  0x0000000054113000 JavaThread "C1 CompilerThread1" daemon [_thread_blocked, id=6464, stack(0x0000000055520000,0x0000000055620000)]
  0x00000000540ba800 JavaThread "C2 CompilerThread0" daemon [_thread_blocked, id=6148, stack(0x00000000552c0000,0x00000000553c0000)]
  0x00000000540b9000 JavaThread "Attach Listener" daemon [_thread_blocked, id=6392, stack(0x0000000055120000,0x0000000055220000)]
  0x00000000540b8000 JavaThread "Signal Dispatcher" daemon [_thread_blocked, id=3896, stack(0x0000000054fa0000,0x00000000550a0000)]
  0x00000000540a0000 JavaThread "Finalizer" daemon [_thread_blocked, id=932, stack(0x0000000054ea0000,0x0000000054fa0000)]
  0x0000000054057000 JavaThread "Reference Handler" daemon [_thread_blocked, id=6936, stack(0x0000000054d40000,0x0000000054e40000)]

Other Threads:
  0x000000005404f000 VMThread [stack: 0x0000000054b30000,0x0000000054c30000] [id=6268]
  0x0000000055647000 WatcherThread [stack: 0x00000000553c0000,0x00000000554c0000] [id=2648]

VM state:not at safepoint (normal execution)

VM Mutex/Monitor currently owned by a thread: None

Heap:
 PSYoungGen      total 14336K, used 2481K [0x00000000f0000000, 0x00000000f1000000, 0x0000000100000000)
  eden space 12288K, 3% used [0x00000000f0000000,0x00000000f0073988,0x00000000f0c00000)
  from space 2048K, 98% used [0x00000000f0e00000,0x00000000f0ff8b20,0x00000000f1000000)
  to   space 2048K, 0% used [0x00000000f0c00000,0x00000000f0c00000,0x00000000f0e00000)
 ParOldGen       total 32768K, used 3556K [0x00000000d0000000, 0x00000000d2000000, 0x00000000f0000000)
  object space 32768K, 10% used [0x00000000d0000000,0x00000000d0379218,0x00000000d2000000)
 Metaspace       used 9430K, capacity 9501K, committed 9728K, reserved 1058816K
  class space    used 899K, capacity 914K, committed 1024K, reserved 1048576K

Card table byte_map: [0x0000000001f10000,0x00000000020a0000] byte_map_base: 0x0000000001890000

Marking Bits: (ParMarkBitMap*) 0x0000000060eba6c0
 Begin Bits: [0x0000000011da0000, 0x00000000129a0000)
 End Bits:   [0x00000000129a0000, 0x00000000135a0000)

Polling page: 0x0000000000230000

CodeCache: size=245760Kb used=5211Kb max_used=5223Kb free=240548Kb
 bounds [0x0000000002630000, 0x0000000002b50000, 0x0000000011630000]
 total_blobs=1824 nmethods=1318 adapters=421
 compilation: enabled

Compilation events (10 events):
Event: 22.527 Thread 0x0000000054113000 1317       3       com.badlogic.gdx.graphics.g2d.Sprite::getVertices (386 bytes)
Event: 22.527 Thread 0x0000000054113000 nmethod 1317 0x0000000002b2f990 code [0x0000000002b2fba0, 0x0000000002b30310]
Event: 22.676 Thread 0x0000000054113000 1318       3       com.badlogic.gdx.utils.FloatArray::add (48 bytes)
Event: 22.677 Thread 0x0000000054113000 nmethod 1318 0x0000000002b3d950 code [0x0000000002b3db20, 0x0000000002b3e068]
Event: 22.743 Thread 0x00000000540ba800 1319       4       com.badlogic.gdx.physics.box2d.Box2DDebugRenderer::drawSolidPolygon (148 bytes)
Event: 22.776 Thread 0x00000000540ba800 nmethod 1319 0x0000000002b49b50 code [0x0000000002b49d40, 0x0000000002b4ac18]
Event: 22.909 Thread 0x0000000054113000 1320       3       java.nio.HeapByteBuffer::get (14 bytes)
Event: 22.910 Thread 0x0000000054113000 nmethod 1320 0x0000000002b2e5d0 code [0x0000000002b2e760, 0x0000000002b2eb08]
Event: 22.977 Thread 0x00000000540ba800 1321       4       java.lang.StringBuilder::append (8 bytes)
Event: 22.982 Thread 0x00000000540ba800 nmethod 1321 0x0000000002b3b4d0 code [0x0000000002b3b620, 0x0000000002b3ba18]

GC Heap History (4 events):
Event: 3.945 GC heap before
{Heap before GC invocations=1 (full 0):
 PSYoungGen      total 14336K, used 12288K [0x00000000f0000000, 0x00000000f1000000, 0x0000000100000000)
  eden space 12288K, 100% used [0x00000000f0000000,0x00000000f0c00000,0x00000000f0c00000)
  from space 2048K, 0% used [0x00000000f0e00000,0x00000000f0e00000,0x00000000f1000000)
  to   space 2048K, 0% used [0x00000000f0c00000,0x00000000f0c00000,0x00000000f0e00000)
 ParOldGen       total 32768K, used 0K [0x00000000d0000000, 0x00000000d2000000, 0x00000000f0000000)
  object space 32768K, 0% used [0x00000000d0000000,0x00000000d0000000,0x00000000d2000000)
 Metaspace       used 6890K, capacity 7027K, committed 7168K, reserved 1056768K
  class space    used 654K, capacity 688K, committed 768K, reserved 1048576K
Event: 3.953 GC heap after
Heap after GC invocations=1 (full 0):
 PSYoungGen      total 14336K, used 2038K [0x00000000f0000000, 0x00000000f1000000, 0x0000000100000000)
  eden space 12288K, 0% used [0x00000000f0000000,0x00000000f0000000,0x00000000f0c00000)
  from space 2048K, 99% used [0x00000000f0c00000,0x00000000f0dfdab0,0x00000000f0e00000)
  to   space 2048K, 0% used [0x00000000f0e00000,0x00000000f0e00000,0x00000000f1000000)
 ParOldGen       total 32768K, used 766K [0x00000000d0000000, 0x00000000d2000000, 0x00000000f0000000)
  object space 32768K, 2% used [0x00000000d0000000,0x00000000d00bfbe8,0x00000000d2000000)
 Metaspace       used 6890K, capacity 7027K, committed 7168K, reserved 1056768K
  class space    used 654K, capacity 688K, committed 768K, reserved 1048576K
}
Event: 5.660 GC heap before
{Heap before GC invocations=2 (full 0):
 PSYoungGen      total 14336K, used 14326K [0x00000000f0000000, 0x00000000f1000000, 0x0000000100000000)
  eden space 12288K, 100% used [0x00000000f0000000,0x00000000f0c00000,0x00000000f0c00000)
  from space 2048K, 99% used [0x00000000f0c00000,0x00000000f0dfdab0,0x00000000f0e00000)
  to   space 2048K, 0% used [0x00000000f0e00000,0x00000000f0e00000,0x00000000f1000000)
 ParOldGen       total 32768K, used 766K [0x00000000d0000000, 0x00000000d2000000, 0x00000000f0000000)
  object space 32768K, 2% used [0x00000000d0000000,0x00000000d00bfbe8,0x00000000d2000000)
 Metaspace       used 9099K, capacity 9181K, committed 9472K, reserved 1058816K
  class space    used 892K, capacity 914K, committed 1024K, reserved 1048576K
Event: 5.671 GC heap after
Heap after GC invocations=2 (full 0):
 PSYoungGen      total 14336K, used 2018K [0x00000000f0000000, 0x00000000f1000000, 0x0000000100000000)
  eden space 12288K, 0% used [0x00000000f0000000,0x00000000f0000000,0x00000000f0c00000)
  from space 2048K, 98% used [0x00000000f0e00000,0x00000000f0ff8b20,0x00000000f1000000)
  to   space 2048K, 0% used [0x00000000f0c00000,0x00000000f0c00000,0x00000000f0e00000)
 ParOldGen       total 32768K, used 3556K [0x00000000d0000000, 0x00000000d2000000, 0x00000000f0000000)
  object space 32768K, 10% used [0x00000000d0000000,0x00000000d0379218,0x00000000d2000000)
 Metaspace       used 9099K, capacity 9181K, committed 9472K, reserved 1058816K
  class space    used 892K, capacity 914K, committed 1024K, reserved 1048576K
}

Deoptimization events (10 events):
Event: 4.589 Thread 0x000000005592d800 Uncommon trap: reason=unstable_if action=reinterpret pc=0x000000000280c8a0 method=sun.misc.MetaIndex.mayContain(Ljava/lang/String;)Z @ 38
Event: 4.591 Thread 0x000000005592d800 Uncommon trap: reason=unstable_if action=reinterpret pc=0x00000000027fe230 method=sun.misc.MetaIndex.mayContain(Ljava/lang/String;)Z @ 38
Event: 4.887 Thread 0x000000005592d800 Uncommon trap: reason=unstable_if action=reinterpret pc=0x00000000028c9e2c method=java.util.StringTokenizer.scanToken(I)I @ 7
Event: 5.002 Thread 0x000000005592d800 Uncommon trap: reason=unstable_if action=reinterpret pc=0x00000000028c8e28 method=java.util.StringTokenizer.scanToken(I)I @ 7
Event: 17.346 Thread 0x000000005592d800 Uncommon trap: reason=unstable_if action=reinterpret pc=0x0000000002a47dc4 method=com.badlogic.gdx.maps.tiled.renderers.OrthogonalTiledMapRenderer.renderTileLayer(Lcom/badlogic/gdx/maps/tiled/TiledMapTileLayer;)V @ 243
Event: 19.145 Thread 0x000000005592d800 Uncommon trap: reason=unstable_if action=reinterpret pc=0x0000000002a503ac method=com.jcraft.jorbis.Floor1.inverse1(Lcom/jcraft/jorbis/Block;Ljava/lang/Object;Ljava/lang/Object;)Ljava/lang/Object; @ 31
Event: 19.145 Thread 0x000000005592d800 Uncommon trap: reason=unstable_if action=reinterpret pc=0x000000000298da44 method=com.jcraft.jorbis.Mapping0.inverse(Lcom/jcraft/jorbis/Block;Ljava/lang/Object;)I @ 214
Event: 22.265 Thread 0x000000005592d800 Uncommon trap: reason=unstable_if action=reinterpret pc=0x0000000002add7f4 method=com.badlogic.gdx.graphics.g2d.Sprite.translate(FF)V @ 24
Event: 22.273 Thread 0x000000005592d800 Uncommon trap: reason=unstable_if action=reinterpret pc=0x00000000029e386c method=com.badlogic.gdx.physics.box2d.Fixture.getShape()Lcom/badlogic/gdx/physics/box2d/Shape; @ 4
Event: 22.274 Thread 0x000000005592d800 Uncommon trap: reason=unstable_if action=reinterpret pc=0x0000000002ac5e4c method=com.badlogic.gdx.graphics.g2d.Sprite.getVertices()[F @ 4

Internal exceptions (10 events):
Event: 0.372 Thread 0x0000000001e30000 Exception <a 'java/security/PrivilegedActionException'> (0x00000000f02e0448) thrown at [C:\re\workspace\8-2-build-windows-amd64-cygwin\jdk8u111\7883\hotspot\src\share\vm\prims\jvm.cpp, line 1386]
Event: 0.372 Thread 0x0000000001e30000 Exception <a 'java/security/PrivilegedActionException'> (0x00000000f02e0658) thrown at [C:\re\workspace\8-2-build-windows-amd64-cygwin\jdk8u111\7883\hotspot\src\share\vm\prims\jvm.cpp, line 1386]
Event: 0.613 Thread 0x0000000001e30000 Exception <a 'java/security/PrivilegedActionException'> (0x00000000f04697a0) thrown at [C:\re\workspace\8-2-build-windows-amd64-cygwin\jdk8u111\7883\hotspot\src\share\vm\prims\jvm.cpp, line 1386]
Event: 0.613 Thread 0x0000000001e30000 Exception <a 'java/security/PrivilegedActionException'> (0x00000000f046b478) thrown at [C:\re\workspace\8-2-build-windows-amd64-cygwin\jdk8u111\7883\hotspot\src\share\vm\prims\jvm.cpp, line 1386]
Event: 0.613 Thread 0x0000000001e30000 Exception <a 'java/security/PrivilegedActionException'> (0x00000000f046c5e8) thrown at [C:\re\workspace\8-2-build-windows-amd64-cygwin\jdk8u111\7883\hotspot\src\share\vm\prims\jvm.cpp, line 1386]
Event: 0.614 Thread 0x0000000001e30000 Exception <a 'java/security/PrivilegedActionException'> (0x00000000f0471750) thrown at [C:\re\workspace\8-2-build-windows-amd64-cygwin\jdk8u111\7883\hotspot\src\share\vm\prims\jvm.cpp, line 1386]
Event: 0.614 Thread 0x0000000001e30000 Exception <a 'java/security/PrivilegedActionException'> (0x00000000f04723a8) thrown at [C:\re\workspace\8-2-build-windows-amd64-cygwin\jdk8u111\7883\hotspot\src\share\vm\prims\jvm.cpp, line 1386]
Event: 0.614 Thread 0x0000000001e30000 Exception <a 'java/security/PrivilegedActionException'> (0x00000000f0472fd0) thrown at [C:\re\workspace\8-2-build-windows-amd64-cygwin\jdk8u111\7883\hotspot\src\share\vm\prims\jvm.cpp, line 1386]
Event: 17.346 Thread 0x000000005592d800 Implicit null exception at 0x0000000002a4661f to 0x0000000002a47d69
Event: 22.273 Thread 0x000000005592d800 Implicit null exception at 0x00000000029e13b0 to 0x00000000029e3861

Events (10 events):
Event: 22.265 Thread 0x000000005592d800 DEOPT PACKING pc=0x0000000002add7f4 sp=0x00000000562af090
Event: 22.265 Thread 0x000000005592d800 DEOPT UNPACKING pc=0x000000000267556a sp=0x00000000562af018 mode 2
Event: 22.273 Thread 0x000000005592d800 Uncommon trap: trap_request=0xffffff65 fr.pc=0x00000000029e386c
Event: 22.274 Thread 0x000000005592d800 DEOPT PACKING pc=0x00000000029e386c sp=0x00000000562af230
Event: 22.274 Thread 0x000000005592d800 DEOPT UNPACKING pc=0x000000000267556a sp=0x00000000562af1b0 mode 2
Event: 22.274 Thread 0x000000005592d800 Uncommon trap: trap_request=0xffffff65 fr.pc=0x0000000002ac5e4c
Event: 22.274 Thread 0x000000005592d800 DEOPT PACKING pc=0x0000000002ac5e4c sp=0x00000000562af270
Event: 22.274 Thread 0x000000005592d800 DEOPT UNPACKING pc=0x000000000267556a sp=0x00000000562af158 mode 2
Event: 22.400 Thread 0x000000005592d800 DEOPT PACKING pc=0x0000000002b1d2c9 sp=0x00000000562af040
Event: 22.400 Thread 0x000000005592d800 DEOPT UNPACKING pc=0x00000000026771bf sp=0x00000000562aed78 mode 0


Dynamic libraries:
0x000000013f450000 - 0x000000013f487000 	C:\bin\JAVA\jdk1.8.0_111\bin\java.exe
0x0000000077c60000 - 0x0000000077e09000 	C:\Windows\SYSTEM32\ntdll.dll
0x0000000077b40000 - 0x0000000077c5f000 	C:\Windows\system32\kernel32.dll
0x000007fefddf0000 - 0x000007fefde5b000 	C:\Windows\system32\KERNELBASE.dll
0x000007feffc20000 - 0x000007feffcfb000 	C:\Windows\system32\ADVAPI32.dll
0x000007fefecb0000 - 0x000007fefed4f000 	C:\Windows\system32\msvcrt.dll
0x000007fefe540000 - 0x000007fefe55f000 	C:\Windows\SYSTEM32\sechost.dll
0x000007fefe9d0000 - 0x000007fefeafd000 	C:\Windows\system32\RPCRT4.dll
0x0000000077a40000 - 0x0000000077b3a000 	C:\Windows\system32\USER32.dll
0x000007fefeb00000 - 0x000007fefeb67000 	C:\Windows\system32\GDI32.dll
0x000007fefff60000 - 0x000007fefff6e000 	C:\Windows\system32\LPK.dll
0x000007fefe1d0000 - 0x000007fefe299000 	C:\Windows\system32\USP10.dll
0x000007fefc660000 - 0x000007fefc854000 	C:\Windows\WinSxS\amd64_microsoft.windows.common-controls_6595b64144ccf1df_6.0.7601.17514_none_fa396087175ac9ac\COMCTL32.dll
0x000007fefe340000 - 0x000007fefe3b1000 	C:\Windows\system32\SHLWAPI.dll
0x000007fefeb70000 - 0x000007fefeb9e000 	C:\Windows\system32\IMM32.DLL
0x000007fefeba0000 - 0x000007fefeca9000 	C:\Windows\system32\MSCTF.dll
0x0000000060f40000 - 0x0000000061012000 	C:\bin\JAVA\jdk1.8.0_111\jre\bin\msvcr100.dll
0x00000000606a0000 - 0x0000000060f3a000 	C:\bin\JAVA\jdk1.8.0_111\jre\bin\server\jvm.dll
0x000007fef6350000 - 0x000007fef6359000 	C:\Windows\system32\WSOCK32.dll
0x000007fefe3c0000 - 0x000007fefe40d000 	C:\Windows\system32\WS2_32.dll
0x000007fefdf80000 - 0x000007fefdf88000 	C:\Windows\system32\NSI.dll
0x000007fefb800000 - 0x000007fefb83b000 	C:\Windows\system32\WINMM.dll
0x000007fefccf0000 - 0x000007fefccfc000 	C:\Windows\system32\VERSION.dll
0x0000000077e20000 - 0x0000000077e27000 	C:\Windows\system32\PSAPI.DLL
0x0000000065060000 - 0x000000006506f000 	C:\bin\JAVA\jdk1.8.0_111\jre\bin\verify.dll
0x0000000063bb0000 - 0x0000000063bd9000 	C:\bin\JAVA\jdk1.8.0_111\jre\bin\java.dll
0x0000000060680000 - 0x0000000060696000 	C:\bin\JAVA\jdk1.8.0_111\jre\bin\zip.dll
0x000007fefee90000 - 0x000007feffc18000 	C:\Windows\system32\SHELL32.dll
0x000007fefe560000 - 0x000007fefe763000 	C:\Windows\system32\ole32.dll
0x000007fefdbb0000 - 0x000007fefdbbf000 	C:\Windows\system32\profapi.dll
0x000007fefa8d0000 - 0x000007fefa8e0000 	C:\bin\IntelliJ IDEA Community Edition 2016.2.5\bin\breakgen64.dll
0x0000000060660000 - 0x000000006067a000 	C:\bin\JAVA\jdk1.8.0_111\jre\bin\net.dll
0x000007fefd420000 - 0x000007fefd475000 	C:\Windows\system32\mswsock.dll
0x000007fefd3f0000 - 0x000007fefd3f7000 	C:\Windows\System32\wship6.dll
0x0000000065580000 - 0x0000000065616000 	C:\Users\mikeplum\AppData\Local\Temp\libgdxmikeplum\8aad67a5\gdx64.dll
0x000007fefd670000 - 0x000007fefd687000 	C:\Windows\system32\CRYPTSP.dll
0x000007fefd1a0000 - 0x000007fefd1e7000 	C:\Windows\system32\rsaenh.dll
0x000007fefcef0000 - 0x000007fefcf0e000 	C:\Windows\system32\USERENV.dll
0x000007fefdae0000 - 0x000007fefdaef000 	C:\Windows\system32\CRYPTBASE.dll
0x000007fefa800000 - 0x000007fefa827000 	C:\Windows\system32\IPHLPAPI.DLL
0x000007fefa740000 - 0x000007fefa74b000 	C:\Windows\system32\WINNSI.DLL
0x000007fefa490000 - 0x000007fefa4a1000 	C:\Windows\system32\dhcpcsvc6.DLL
0x000007fefa470000 - 0x000007fefa488000 	C:\Windows\system32\dhcpcsvc.DLL
0x0000000060640000 - 0x0000000060651000 	C:\bin\JAVA\jdk1.8.0_111\jre\bin\nio.dll
0x0000000180000000 - 0x0000000180053000 	C:\Users\mikeplum\AppData\Local\Temp\libgdxmikeplum\dc0f0009\lwjgl64.dll
0x000007feef910000 - 0x000007feefa2d000 	C:\Windows\system32\OPENGL32.dll
0x000007fef9060000 - 0x000007fef908d000 	C:\Windows\system32\GLU32.dll
0x000007fef0480000 - 0x000007fef0571000 	C:\Windows\system32\DDRAW.dll
0x000007fefab30000 - 0x000007fefab38000 	C:\Windows\system32\DCIMAN32.dll
0x000007feffd00000 - 0x000007feffed7000 	C:\Windows\system32\SETUPAPI.dll
0x000007fefdf00000 - 0x000007fefdf36000 	C:\Windows\system32\CFGMGR32.dll
0x000007fefedb0000 - 0x000007fefee87000 	C:\Windows\system32\OLEAUT32.dll
0x000007fefdc60000 - 0x000007fefdc7a000 	C:\Windows\system32\DEVOBJ.dll
0x000007fefbf50000 - 0x000007fefbf68000 	C:\Windows\system32\dwmapi.dll
0x0000000054ab0000 - 0x0000000054b14000 	C:\Users\mikeplum\AppData\Local\Temp\libgdxmikeplum\dc0f0009\OpenAL64.dll
0x000007fefc450000 - 0x000007fefc4a6000 	C:\Windows\system32\uxtheme.dll
0x000007fef64b0000 - 0x000007fef652f000 	C:\Program Files\Common Files\microsoft shared\ink\tiptsf.dll
0x000007fefe2a0000 - 0x000007fefe339000 	C:\Windows\system32\CLBCatQ.DLL
0x000007fefc4b0000 - 0x000007fefc5dc000 	C:\Windows\System32\PROPSYS.dll
0x000007fefdf40000 - 0x000007fefdf7a000 	C:\Windows\system32\WINTRUST.dll
0x000007fefdc80000 - 0x000007fefdde7000 	C:\Windows\system32\CRYPT32.dll
0x000007fefdc50000 - 0x000007fefdc5f000 	C:\Windows\system32\MSASN1.dll
0x000007feef7a0000 - 0x000007feef828000 	C:\Windows\system32\dsound.dll
0x000007fefc630000 - 0x000007fefc65c000 	C:\Windows\system32\POWRPROF.dll
0x000007fefc130000 - 0x000007fefc17b000 	C:\Windows\System32\MMDevApi.dll
0x000007fefb430000 - 0x000007fefb47f000 	C:\Windows\system32\AUDIOSES.DLL
0x000000005d830000 - 0x000000005f181000 	C:\Windows\system32\nvoglv64.DLL
0x000007fefbd20000 - 0x000007fefbd4d000 	C:\Windows\system32\ntmarta.dll
0x000007fefed50000 - 0x000007fefeda2000 	C:\Windows\system32\WLDAP32.dll
0x000007fef8760000 - 0x000007fef87fc000 	C:\Windows\system32\mscms.dll
0x000007fef5d00000 - 0x000007fef5d42000 	C:\Windows\system32\icm32.dll
0x0000000066bc0000 - 0x0000000066c7b000 	C:\Users\mikeplum\AppData\Local\Temp\libgdxmikeplum\b6038e5c\gdx-box2d64.dll
0x000007fefb590000 - 0x000007fefb6b5000 	C:\Windows\system32\dbghelp.dll

VM Arguments:
jvm_args: -Didea.launcher.port=7534 -Didea.launcher.bin.path=C:\bin\IntelliJ IDEA Community Edition 2016.2.5\bin -Dfile.encoding=UTF-8 
java_command: com.intellij.rt.execution.application.AppMain com.sugarplum.mariobros.desktop.DesktopLauncher
java_class_path (initial): C:\bin\JAVA\jdk1.8.0_111\jre\lib\charsets.jar;C:\bin\JAVA\jdk1.8.0_111\jre\lib\deploy.jar;C:\bin\JAVA\jdk1.8.0_111\jre\lib\ext\access-bridge-64.jar;C:\bin\JAVA\jdk1.8.0_111\jre\lib\ext\cldrdata.jar;C:\bin\JAVA\jdk1.8.0_111\jre\lib\ext\dnsns.jar;C:\bin\JAVA\jdk1.8.0_111\jre\lib\ext\jaccess.jar;C:\bin\JAVA\jdk1.8.0_111\jre\lib\ext\jfxrt.jar;C:\bin\JAVA\jdk1.8.0_111\jre\lib\ext\localedata.jar;C:\bin\JAVA\jdk1.8.0_111\jre\lib\ext\nashorn.jar;C:\bin\JAVA\jdk1.8.0_111\jre\lib\ext\sunec.jar;C:\bin\JAVA\jdk1.8.0_111\jre\lib\ext\sunjce_provider.jar;C:\bin\JAVA\jdk1.8.0_111\jre\lib\ext\sunmscapi.jar;C:\bin\JAVA\jdk1.8.0_111\jre\lib\ext\sunpkcs11.jar;C:\bin\JAVA\jdk1.8.0_111\jre\lib\ext\zipfs.jar;C:\bin\JAVA\jdk1.8.0_111\jre\lib\javaws.jar;C:\bin\JAVA\jdk1.8.0_111\jre\lib\jce.jar;C:\bin\JAVA\jdk1.8.0_111\jre\lib\jfr.jar;C:\bin\JAVA\jdk1.8.0_111\jre\lib\jfxswt.jar;C:\bin\JAVA\jdk1.8.0_111\jre\lib\jsse.jar;C:\bin\JAVA\jdk1.8.0_111\jre\lib\management-agent.jar;C:\bin\JAVA\jdk1.8.0_111\jre\lib\plugin.jar;C:\bin\JAVA\jdk1.8.0_111\jre\lib\resources.jar;C:\bin\JAVA\jdk1.8.0_111\jre\lib\rt.jar;C:\workspace\MarioBros\desktop\build\classes\main;C:\workspace\MarioBros\core\build\classes\main;C:\Users\mikeplum\.gradle\caches\modules-2\files-2.1\com.badlogicgames.gdx\gdx-backend-lwjgl\1.9.4\4c6c108a9dcbc07096de8594b93f9cab33856fe2\gdx-backend-lwjgl-1.9.4.jar;C:\Users\mikeplum\.gradle\caches\modules-2\files-2.1\com.badlogicgames.gdx\gdx-platform\1.9.4\8e93afecc287ab152179983fc1b5f65db4c2fa4c\gdx-platform-1.9.4-natives-desktop.jar;C:\Users\mikeplum\.gradle\caches\modules-2\files-2.1\com.badlogicgames.gdx\gdx-box2d-platform\1.9.4\905a9ed3017cd3917b7fbada5ece58c40fddcbca\gdx-box2d-platform-1.9.4-natives-desktop.jar;C:\Users\mikeplum\.gradle\caches\modules-2\files-2.1\com.badlogicgames.gdx\gdx\1.9.4\4b4b7962d1bc75af0438f5c81ec1010557bc9ee5\gdx-1.9.4.jar;C:\Users\mikeplum\.gradle\caches\modules-2\files-2.1\com.badlogicgames.gdx\gdx-box2d\1.9.4\98a0d25c9f0637fecac6e4a
Launcher Type: SUN_STANDARD

Environment Variables:
JAVA_HOME=C:\bin\JAVA\jdk1.8.0_111
PATH=C:\Program Files (x86)\Common Files\Intel\Shared Files\cpp\bin\Intel64;C:\cygwin64\bin;C:\bin\JAVA\jdk1.8.0_111\bin;%C:\ProgramData\Oracle\Java\javapath;C:\Program Files (x86)\NVIDIA Corporation\PhysX\Common;C:\Windows\system32;C:\Windows;C:\Windows\System32\Wbem;C:\Windows\System32\WindowsPowerShell\v1.0\;C:\bin\Git\cmd;C:\bin\TortoiseGIT\bin;C:\Program Files (x86)\Skype\Phone\;C:\Program Files (x86)\GtkSharp\2.12\bin;C:\Users\mikeplum\AppData\Local\Programs\Python\Python36-32\Scripts\;C:\Users\mikeplum\AppData\Local\Programs\Python\Python36-32\
USERNAME=mikeplum
OS=Windows_NT
PROCESSOR_IDENTIFIER=Intel64 Family 6 Model 23 Stepping 10, GenuineIntel



---------------  S Y S T E M  ---------------

OS: Windows 7 , 64 bit Build 7601 (6.1.7601.17514)

CPU:total 2 (2 cores per cpu, 1 threads per core) family 6 model 23 stepping 10, cmov, cx8, fxsr, mmx, sse, sse2, sse3, ssse3, sse4.1, tsc

Memory: 4k page, physical 3143992k(454728k free), swap 6286140k(1060648k free)

vm_info: Java HotSpot(TM) 64-Bit Server VM (25.111-b14) for windows-amd64 JRE (1.8.0_111-b14), built on Sep 22 2016 19:24:05 by "java_re" with MS VC++ 10.0 (VS2010)

time: Sun Jan 29 21:44:44 2017
elapsed time: 23 seconds (0d 0h 0m 23s)

