#
# A fatal error has been detected by the Java Runtime Environment:
#
#  EXCEPTION_ACCESS_VIOLATION (0xc0000005) at pc=0x0000000066bcbd0d, pid=7368, tid=0x0000000000001780
#
# JRE version: Java(TM) SE Runtime Environment (8.0_111-b14) (build 1.8.0_111-b14)
# Java VM: Java HotSpot(TM) 64-Bit Server VM (25.111-b14 mixed mode windows-amd64 compressed oops)
# Problematic frame:
# C  [gdx-box2d64.dll+0xbd0d]
#
# Failed to write core dump. Minidumps are not enabled by default on client versions of Windows
#
# If you would like to submit a bug report, please visit:
#   http://bugreport.java.com/bugreport/crash.jsp
# The crash happened outside the Java Virtual Machine in native code.
# See problematic frame for where to report the bug.
#

---------------  T H R E A D  ---------------

Current thread (0x0000000055b1e800):  JavaThread "LWJGL Application" [_thread_in_native, id=6016, stack(0x0000000056960000,0x0000000056a60000)]

siginfo: ExceptionCode=0xc0000005, reading address 0x000000220049f250

Registers:
RAX=0x000000220049f250, RBX=0x000000000046e010, RCX=0x000000000046dfe0, RDX=0x00000000000000b8
RSP=0x0000000056a5e930, RBP=0x0000000000000006, RSI=0x000000000046dfe0, RDI=0x0000000056a5e9f0
R8 =0x000000000046dfe0, R9 =0x0000000000000002, R10=0x0000000000000000, R11=0x0000000000000001
R12=0x0000000000000000, R13=0x00000000540f4f80, R14=0x0000000056a5ebe0, R15=0x0000000055b1e800
RIP=0x0000000066bcbd0d, EFLAGS=0x0000000000010206

Top of Stack: (sp=0x0000000056a5e930)
0x0000000056a5e930:   00000000540f4f80 0000000055b1e800
0x0000000056a5e940:   0000000062d488a8 00000000578356c0
0x0000000056a5e950:   0000000000000012 000000000046dfe0
0x0000000056a5e960:   0000000053950480 0000000056a5e9f0
0x0000000056a5e970:   0000000056a5eb38 0000000000000000
0x0000000056a5e980:   00000000540f4f80 0000000066be2483
0x0000000056a5e990:   0000000056a5ea30 0000000056a5ea30
0x0000000056a5e9a0:   0000000000000003 00000000540f4f80
0x0000000056a5e9b0:   0000000000000001 0000000053950480
0x0000000056a5e9c0:   000000000005f8d8 0000000066be8616
0x0000000056a5e9d0:   0000000000000000 000000000005f8d8
0x0000000056a5e9e0:   0000000056a5eb38 00000000028554d8
0x0000000056a5e9f0:   4190016100000002 000000003f853340
0x0000000056a5ea00:   0000000000000000 0000000000000000
0x0000000056a5ea10:   0000010100000000 0000000056a5eb01
0x0000000056a5ea20:   0000000000000000 000000003f800000 

Instructions: (pc=0x0000000066bcbd0d)
0x0000000066bcbced:   48 8d 05 6c a3 05 00 0f b6 1c 18 80 fb 0d 0f b6
0x0000000066bcbcfd:   eb 77 21 48 8d 1c de 48 8b 43 10 48 85 c0 74 3a
0x0000000066bcbd0d:   48 8b 10 48 89 53 10 48 83 c4 28 5b 5e 5f 5d 41
0x0000000066bcbd1d:   5c 41 5d c3 48 8d 15 18 9e 04 00 48 8d 0d 99 9e 


Register to memory mapping:

RAX=0x000000220049f250 is an unknown value
RBX=0x000000000046e010 is an unknown value
RCX=0x000000000046dfe0 is an unknown value
RDX=0x00000000000000b8 is an unknown value
RSP=0x0000000056a5e930 is pointing into the stack for thread: 0x0000000055b1e800
RBP=0x0000000000000006 is an unknown value
RSI=0x000000000046dfe0 is an unknown value
RDI=0x0000000056a5e9f0 is pointing into the stack for thread: 0x0000000055b1e800
R8 =0x000000000046dfe0 is an unknown value
R9 =0x0000000000000002 is an unknown value
R10=0x0000000000000000 is an unknown value
R11=0x0000000000000001 is an unknown value
R12=0x0000000000000000 is an unknown value
R13={method} {0x00000000540f4f88} 'jniCreateBody' '(JIFFFFFFFFZZZZZF)J' in 'com/badlogic/gdx/physics/box2d/World'
R14=0x0000000056a5ebe0 is pointing into the stack for thread: 0x0000000055b1e800
R15=0x0000000055b1e800 is a thread


Stack: [0x0000000056960000,0x0000000056a60000],  sp=0x0000000056a5e930,  free space=1018k
Native frames: (J=compiled Java code, j=interpreted, Vv=VM code, C=native code)
C  [gdx-box2d64.dll+0xbd0d]
C  [gdx-box2d64.dll+0x22483]
C  [gdx-box2d64.dll+0x28616]
C  0x00000000028659b4

Java frames: (J=compiled Java code, j=interpreted, Vv=VM code)
j  com.badlogic.gdx.physics.box2d.World.jniCreateBody(JIFFFFFFFFZZZZZF)J+0
j  com.badlogic.gdx.physics.box2d.World.createBody(Lcom/badlogic/gdx/physics/box2d/BodyDef;)Lcom/badlogic/gdx/physics/box2d/Body;+80
j  com.sugarplum.mariobros.Sprites.Items.Mushroom.defineItem()V+37
j  com.sugarplum.mariobros.Sprites.Items.Item.<init>(Lcom/sugarplum/mariobros/Screens/PlayScreen;FF)V+40
j  com.sugarplum.mariobros.Sprites.Items.Mushroom.<init>(Lcom/sugarplum/mariobros/Screens/PlayScreen;FF)V+4
J 1248 C1 com.sugarplum.mariobros.Screens.PlayScreen.handleSpawningItems()V (60 bytes) @ 0x0000000002cfa32c [0x0000000002cf9f80+0x3ac]
J 1394 C1 com.sugarplum.mariobros.Screens.PlayScreen.update(F)V (178 bytes) @ 0x0000000002dccde4 [0x0000000002dccd20+0xc4]
J 1383 C2 com.sugarplum.mariobros.Screens.PlayScreen.render(F)V (223 bytes) @ 0x0000000002ddea6c [0x0000000002ddea40+0x2c]
J 1206 C1 com.sugarplum.mariobros.MarioBros.render()V (5 bytes) @ 0x0000000002ce5574 [0x0000000002ce53a0+0x1d4]
j  com.badlogic.gdx.backends.lwjgl.LwjglApplication.mainLoop()V+698
j  com.badlogic.gdx.backends.lwjgl.LwjglApplication$1.run()V+27
v  ~StubRoutines::call_stub

---------------  P R O C E S S  ---------------

Java Threads: ( => current thread )
  0x0000000057783800 JavaThread "LWJGL Timer" daemon [_thread_blocked, id=7556, stack(0x000000005b4d0000,0x000000005b5d0000)]
  0x00000000575f4000 JavaThread "AsynchExecutor-Thread" daemon [_thread_blocked, id=7972, stack(0x000000005acf0000,0x000000005adf0000)]
  0x0000000002150000 JavaThread "DestroyJavaVM" [_thread_blocked, id=3104, stack(0x0000000002480000,0x0000000002580000)]
=>0x0000000055b1e800 JavaThread "LWJGL Application" [_thread_in_native, id=6016, stack(0x0000000056960000,0x0000000056a60000)]
  0x0000000055a0a800 JavaThread "Monitor Ctrl-Break" daemon [_thread_in_native, id=3520, stack(0x0000000056030000,0x0000000056130000)]
  0x0000000055819800 JavaThread "Service Thread" daemon [_thread_blocked, id=7260, stack(0x0000000055d50000,0x0000000055e50000)]
  0x0000000054343000 JavaThread "C1 CompilerThread1" daemon [_thread_blocked, id=3160, stack(0x00000000553e0000,0x00000000554e0000)]
  0x00000000542ea800 JavaThread "C2 CompilerThread0" daemon [_thread_blocked, id=6904, stack(0x0000000055710000,0x0000000055810000)]
  0x00000000542e9000 JavaThread "Attach Listener" daemon [_thread_blocked, id=6792, stack(0x00000000555c0000,0x00000000556c0000)]
  0x00000000542e8000 JavaThread "Signal Dispatcher" daemon [_thread_blocked, id=4836, stack(0x00000000552d0000,0x00000000553d0000)]
  0x00000000542d0000 JavaThread "Finalizer" daemon [_thread_blocked, id=6864, stack(0x0000000055110000,0x0000000055210000)]
  0x0000000054287000 JavaThread "Reference Handler" daemon [_thread_blocked, id=6624, stack(0x0000000054d90000,0x0000000054e90000)]

Other Threads:
  0x000000005427f000 VMThread [stack: 0x0000000054e90000,0x0000000054f90000] [id=7212]
  0x0000000055846800 WatcherThread [stack: 0x0000000055f10000,0x0000000056010000] [id=6576]

VM state:not at safepoint (normal execution)

VM Mutex/Monitor currently owned by a thread: None

Heap:
 PSYoungGen      total 14336K, used 2957K [0x00000000f0000000, 0x00000000f1000000, 0x0000000100000000)
  eden space 12288K, 7% used [0x00000000f0000000,0x00000000f00e4420,0x00000000f0c00000)
  from space 2048K, 99% used [0x00000000f0e00000,0x00000000f0fff068,0x00000000f1000000)
  to   space 2048K, 0% used [0x00000000f0c00000,0x00000000f0c00000,0x00000000f0e00000)
 ParOldGen       total 32768K, used 3407K [0x00000000d0000000, 0x00000000d2000000, 0x00000000f0000000)
  object space 32768K, 10% used [0x00000000d0000000,0x00000000d0353ce8,0x00000000d2000000)
 Metaspace       used 9468K, capacity 9565K, committed 9728K, reserved 1058816K
  class space    used 899K, capacity 914K, committed 1024K, reserved 1048576K

Card table byte_map: [0x00000000022f0000,0x0000000002480000] byte_map_base: 0x0000000001c70000

Marking Bits: (ParMarkBitMap*) 0x0000000062f2a6c0
 Begin Bits: [0x0000000012150000, 0x0000000012d50000)
 End Bits:   [0x0000000012d50000, 0x0000000013950000)

Polling page: 0x0000000000230000

CodeCache: size=245760Kb used=5958Kb max_used=5968Kb free=239801Kb
 bounds [0x0000000002850000, 0x0000000002e30000, 0x0000000011850000]
 total_blobs=1936 nmethods=1430 adapters=421
 compilation: enabled

Compilation events (10 events):
Event: 42.644 Thread 0x0000000054343000 1430       3       com.badlogic.gdx.utils.Pools::get (37 bytes)
Event: 42.644 Thread 0x0000000054343000 nmethod 1430 0x0000000002e11110 code [0x0000000002e112c0, 0x0000000002e117d8]
Event: 43.001 Thread 0x0000000054343000 1431       3       com.badlogic.gdx.utils.Pool::free (60 bytes)
Event: 43.001 Thread 0x0000000054343000 nmethod 1431 0x0000000002e00f50 code [0x0000000002e01120, 0x0000000002e018e8]
Event: 43.518 Thread 0x00000000542ea800 1432       4       org.lwjgl.opengl.WindowsMouse::poll (183 bytes)
Event: 43.528 Thread 0x00000000542ea800 nmethod 1432 0x0000000002e295d0 code [0x0000000002e29720, 0x0000000002e29c58]
Event: 43.753 Thread 0x0000000054343000 1433       3       java.util.AbstractList::<init> (10 bytes)
Event: 43.753 Thread 0x0000000054343000 nmethod 1433 0x0000000002e00b10 code [0x0000000002e00c80, 0x0000000002e00e90]
Event: 43.753 Thread 0x0000000054343000 1434       1       java.lang.AbstractStringBuilder::length (5 bytes)
Event: 43.753 Thread 0x0000000054343000 nmethod 1434 0x0000000002e00850 code [0x0000000002e009a0, 0x0000000002e00ab0]

GC Heap History (4 events):
Event: 3.866 GC heap before
{Heap before GC invocations=1 (full 0):
 PSYoungGen      total 14336K, used 12288K [0x00000000f0000000, 0x00000000f1000000, 0x0000000100000000)
  eden space 12288K, 100% used [0x00000000f0000000,0x00000000f0c00000,0x00000000f0c00000)
  from space 2048K, 0% used [0x00000000f0e00000,0x00000000f0e00000,0x00000000f1000000)
  to   space 2048K, 0% used [0x00000000f0c00000,0x00000000f0c00000,0x00000000f0e00000)
 ParOldGen       total 32768K, used 0K [0x00000000d0000000, 0x00000000d2000000, 0x00000000f0000000)
  object space 32768K, 0% used [0x00000000d0000000,0x00000000d0000000,0x00000000d2000000)
 Metaspace       used 6880K, capacity 7027K, committed 7168K, reserved 1056768K
  class space    used 654K, capacity 688K, committed 768K, reserved 1048576K
Event: 3.870 GC heap after
Heap after GC invocations=1 (full 0):
 PSYoungGen      total 14336K, used 2026K [0x00000000f0000000, 0x00000000f1000000, 0x0000000100000000)
  eden space 12288K, 0% used [0x00000000f0000000,0x00000000f0000000,0x00000000f0c00000)
  from space 2048K, 98% used [0x00000000f0c00000,0x00000000f0dfaa48,0x00000000f0e00000)
  to   space 2048K, 0% used [0x00000000f0e00000,0x00000000f0e00000,0x00000000f1000000)
 ParOldGen       total 32768K, used 778K [0x00000000d0000000, 0x00000000d2000000, 0x00000000f0000000)
  object space 32768K, 2% used [0x00000000d0000000,0x00000000d00c2a00,0x00000000d2000000)
 Metaspace       used 6880K, capacity 7027K, committed 7168K, reserved 1056768K
  class space    used 654K, capacity 688K, committed 768K, reserved 1048576K
}
Event: 4.259 GC heap before
{Heap before GC invocations=2 (full 0):
 PSYoungGen      total 14336K, used 14314K [0x00000000f0000000, 0x00000000f1000000, 0x0000000100000000)
  eden space 12288K, 100% used [0x00000000f0000000,0x00000000f0c00000,0x00000000f0c00000)
  from space 2048K, 98% used [0x00000000f0c00000,0x00000000f0dfaa48,0x00000000f0e00000)
  to   space 2048K, 0% used [0x00000000f0e00000,0x00000000f0e00000,0x00000000f1000000)
 ParOldGen       total 32768K, used 778K [0x00000000d0000000, 0x00000000d2000000, 0x00000000f0000000)
  object space 32768K, 2% used [0x00000000d0000000,0x00000000d00c2a00,0x00000000d2000000)
 Metaspace       used 9023K, capacity 9181K, committed 9472K, reserved 1058816K
  class space    used 886K, capacity 914K, committed 1024K, reserved 1048576K
Event: 4.266 GC heap after
Heap after GC invocations=2 (full 0):
 PSYoungGen      total 14336K, used 2044K [0x00000000f0000000, 0x00000000f1000000, 0x0000000100000000)
  eden space 12288K, 0% used [0x00000000f0000000,0x00000000f0000000,0x00000000f0c00000)
  from space 2048K, 99% used [0x00000000f0e00000,0x00000000f0fff068,0x00000000f1000000)
  to   space 2048K, 0% used [0x00000000f0c00000,0x00000000f0c00000,0x00000000f0e00000)
 ParOldGen       total 32768K, used 3407K [0x00000000d0000000, 0x00000000d2000000, 0x00000000f0000000)
  object space 32768K, 10% used [0x00000000d0000000,0x00000000d0353ce8,0x00000000d2000000)
 Metaspace       used 9023K, capacity 9181K, committed 9472K, reserved 1058816K
  class space    used 886K, capacity 914K, committed 1024K, reserved 1048576K
}

Deoptimization events (10 events):
Event: 8.838 Thread 0x0000000055b1e800 Uncommon trap: reason=unstable_if action=reinterpret pc=0x0000000002c3642c method=com.badlogic.gdx.physics.box2d.Fixture.getShape()Lcom/badlogic/gdx/physics/box2d/Shape; @ 4
Event: 10.805 Thread 0x0000000055b1e800 Uncommon trap: reason=unstable_if action=reinterpret pc=0x0000000002c71160 method=com.badlogic.gdx.maps.tiled.renderers.OrthogonalTiledMapRenderer.renderTileLayer(Lcom/badlogic/gdx/maps/tiled/TiledMapTileLayer;)V @ 243
Event: 18.060 Thread 0x0000000055b1e800 Uncommon trap: reason=unstable_if action=reinterpret pc=0x0000000002c9f0ec method=com.jcraft.jorbis.Floor1.inverse1(Lcom/jcraft/jorbis/Block;Ljava/lang/Object;Ljava/lang/Object;)Ljava/lang/Object; @ 31
Event: 18.060 Thread 0x0000000055b1e800 Uncommon trap: reason=unstable_if action=reinterpret pc=0x0000000002c24398 method=com.jcraft.jorbis.Mapping0.inverse(Lcom/jcraft/jorbis/Block;Ljava/lang/Object;)I @ 214
Event: 20.521 Thread 0x0000000055b1e800 Uncommon trap: reason=unstable_if action=reinterpret pc=0x0000000002d66a04 method=com.sugarplum.mariobros.Sprites.Enemies.Goomba.update(F)V @ 14
Event: 20.522 Thread 0x0000000055b1e800 Uncommon trap: reason=unstable_if action=reinterpret pc=0x0000000002d7b1bc method=com.sugarplum.mariobros.Sprites.Enemies.Goomba.draw(Lcom/badlogic/gdx/graphics/g2d/Batch;)V @ 4
Event: 31.045 Thread 0x0000000055b1e800 Uncommon trap: reason=unstable_if action=reinterpret pc=0x0000000002dd6584 method=com.sugarplum.mariobros.Screens.PlayScreen.handleImput(F)V @ 151
Event: 31.164 Thread 0x0000000055b1e800 Uncommon trap: reason=unstable_if action=reinterpret pc=0x0000000002d81060 method=com.badlogic.gdx.graphics.glutils.ImmediateModeRenderer20.flush()V @ 4
Event: 31.298 Thread 0x0000000055b1e800 Uncommon trap: reason=unstable_if action=reinterpret pc=0x0000000002d6b25c method=com.badlogic.gdx.graphics.glutils.ImmediateModeRenderer20.flush()V @ 4
Event: 34.529 Thread 0x0000000055b1e800 Uncommon trap: reason=unstable_if action=reinterpret pc=0x0000000002c3a844 method=java.lang.Math.round(F)I @ 36

Internal exceptions (10 events):
Event: 1.912 Thread 0x0000000002150000 Exception <a 'java/security/PrivilegedActionException'> (0x00000000f046c500) thrown at [C:\re\workspace\8-2-build-windows-amd64-cygwin\jdk8u111\7883\hotspot\src\share\vm\prims\jvm.cpp, line 1386]
Event: 1.912 Thread 0x0000000002150000 Exception <a 'java/security/PrivilegedActionException'> (0x00000000f046e1d8) thrown at [C:\re\workspace\8-2-build-windows-amd64-cygwin\jdk8u111\7883\hotspot\src\share\vm\prims\jvm.cpp, line 1386]
Event: 1.912 Thread 0x0000000002150000 Exception <a 'java/security/PrivilegedActionException'> (0x00000000f046f348) thrown at [C:\re\workspace\8-2-build-windows-amd64-cygwin\jdk8u111\7883\hotspot\src\share\vm\prims\jvm.cpp, line 1386]
Event: 1.913 Thread 0x0000000002150000 Exception <a 'java/security/PrivilegedActionException'> (0x00000000f04744b0) thrown at [C:\re\workspace\8-2-build-windows-amd64-cygwin\jdk8u111\7883\hotspot\src\share\vm\prims\jvm.cpp, line 1386]
Event: 1.913 Thread 0x0000000002150000 Exception <a 'java/security/PrivilegedActionException'> (0x00000000f0475108) thrown at [C:\re\workspace\8-2-build-windows-amd64-cygwin\jdk8u111\7883\hotspot\src\share\vm\prims\jvm.cpp, line 1386]
Event: 1.913 Thread 0x0000000002150000 Exception <a 'java/security/PrivilegedActionException'> (0x00000000f0475d30) thrown at [C:\re\workspace\8-2-build-windows-amd64-cygwin\jdk8u111\7883\hotspot\src\share\vm\prims\jvm.cpp, line 1386]
Event: 8.838 Thread 0x0000000055b1e800 Implicit null exception at 0x0000000002c32cb0 to 0x0000000002c330cd
Event: 8.838 Thread 0x0000000055b1e800 Implicit null exception at 0x0000000002c32920 to 0x0000000002c32975
Event: 8.838 Thread 0x0000000055b1e800 Implicit null exception at 0x0000000002c33f70 to 0x0000000002c36421
Event: 10.805 Thread 0x0000000055b1e800 Implicit null exception at 0x0000000002c7073b to 0x0000000002c7110d

Events (10 events):
Event: 31.298 Thread 0x0000000055b1e800 Uncommon trap: trap_request=0xffffff65 fr.pc=0x0000000002d6b25c
Event: 31.298 Thread 0x0000000055b1e800 DEOPT PACKING pc=0x0000000002d6b25c sp=0x0000000056a5edd0
Event: 31.298 Thread 0x0000000055b1e800 DEOPT UNPACKING pc=0x000000000289556a sp=0x0000000056a5ecc8 mode 2
Event: 31.363 Thread 0x0000000055b1e800 DEOPT PACKING pc=0x0000000002c66fe9 sp=0x0000000056a5ed00
Event: 31.364 Thread 0x0000000055b1e800 DEOPT UNPACKING pc=0x00000000028971bf sp=0x0000000056a5ea68 mode 0
Event: 34.529 Thread 0x0000000055b1e800 Uncommon trap: trap_request=0xffffff65 fr.pc=0x0000000002c3a844
Event: 34.529 Thread 0x0000000055b1e800 DEOPT PACKING pc=0x0000000002c3a844 sp=0x0000000056a5eb00
Event: 34.529 Thread 0x0000000055b1e800 DEOPT UNPACKING pc=0x000000000289556a sp=0x0000000056a5ea80 mode 2
Event: 41.578 Thread 0x0000000055b1e800 DEOPT PACKING pc=0x0000000002dd0bbc sp=0x0000000056a5ed90
Event: 41.578 Thread 0x0000000055b1e800 DEOPT UNPACKING pc=0x00000000028971bf sp=0x0000000056a5eb50 mode 0


Dynamic libraries:
0x000000013f3a0000 - 0x000000013f3d7000 	C:\bin\JAVA\jdk1.8.0_111\bin\java.exe
0x00000000770a0000 - 0x0000000077249000 	C:\Windows\SYSTEM32\ntdll.dll
0x0000000076e80000 - 0x0000000076f9f000 	C:\Windows\system32\kernel32.dll
0x000007fefd310000 - 0x000007fefd37b000 	C:\Windows\system32\KERNELBASE.dll
0x000007fefd680000 - 0x000007fefd75b000 	C:\Windows\system32\ADVAPI32.dll
0x000007fefd3d0000 - 0x000007fefd46f000 	C:\Windows\system32\msvcrt.dll
0x000007fefe600000 - 0x000007fefe61f000 	C:\Windows\SYSTEM32\sechost.dll
0x000007fefea00000 - 0x000007fefeb2d000 	C:\Windows\system32\RPCRT4.dll
0x0000000076fa0000 - 0x000000007709a000 	C:\Windows\system32\USER32.dll
0x000007fefe650000 - 0x000007fefe6b7000 	C:\Windows\system32\GDI32.dll
0x000007fefe9f0000 - 0x000007fefe9fe000 	C:\Windows\system32\LPK.dll
0x000007feff2e0000 - 0x000007feff3a9000 	C:\Windows\system32\USP10.dll
0x000007fefbaa0000 - 0x000007fefbc94000 	C:\Windows\WinSxS\amd64_microsoft.windows.common-controls_6595b64144ccf1df_6.0.7601.17514_none_fa396087175ac9ac\COMCTL32.dll
0x000007fefef30000 - 0x000007fefefa1000 	C:\Windows\system32\SHLWAPI.dll
0x000007fefe620000 - 0x000007fefe64e000 	C:\Windows\system32\IMM32.DLL
0x000007fefd760000 - 0x000007fefd869000 	C:\Windows\system32\MSCTF.dll
0x0000000063220000 - 0x00000000632f2000 	C:\bin\JAVA\jdk1.8.0_111\jre\bin\msvcr100.dll
0x0000000062710000 - 0x0000000062faa000 	C:\bin\JAVA\jdk1.8.0_111\jre\bin\server\jvm.dll
0x000007feead60000 - 0x000007feead69000 	C:\Windows\system32\WSOCK32.dll
0x000007fefe9a0000 - 0x000007fefe9ed000 	C:\Windows\system32\WS2_32.dll
0x000007fefd3c0000 - 0x000007fefd3c8000 	C:\Windows\system32\NSI.dll
0x000007fefaca0000 - 0x000007fefacdb000 	C:\Windows\system32\WINMM.dll
0x000007fefc130000 - 0x000007fefc13c000 	C:\Windows\system32\VERSION.dll
0x0000000077260000 - 0x0000000077267000 	C:\Windows\system32\PSAPI.DLL
0x00000000647c0000 - 0x00000000647cf000 	C:\bin\JAVA\jdk1.8.0_111\jre\bin\verify.dll
0x0000000064790000 - 0x00000000647b9000 	C:\bin\JAVA\jdk1.8.0_111\jre\bin\java.dll
0x0000000064770000 - 0x0000000064786000 	C:\bin\JAVA\jdk1.8.0_111\jre\bin\zip.dll
0x000007fefd870000 - 0x000007fefe5f8000 	C:\Windows\system32\SHELL32.dll
0x000007fefd470000 - 0x000007fefd673000 	C:\Windows\system32\ole32.dll
0x000007fefcff0000 - 0x000007fefcfff000 	C:\Windows\system32\profapi.dll
0x000007fef7800000 - 0x000007fef7810000 	C:\bin\IntelliJ IDEA Community Edition 2016.2.5\bin\breakgen64.dll
0x0000000064750000 - 0x000000006476a000 	C:\bin\JAVA\jdk1.8.0_111\jre\bin\net.dll
0x000007fefc860000 - 0x000007fefc8b5000 	C:\Windows\system32\mswsock.dll
0x000007fefc850000 - 0x000007fefc857000 	C:\Windows\System32\wship6.dll
0x0000000065580000 - 0x0000000065616000 	C:\Users\mikeplum\AppData\Local\Temp\libgdxmikeplum\8aad67a5\gdx64.dll
0x000007fefc8c0000 - 0x000007fefc8d7000 	C:\Windows\system32\CRYPTSP.dll
0x000007fefc580000 - 0x000007fefc5c7000 	C:\Windows\system32\rsaenh.dll
0x000007fefc330000 - 0x000007fefc34e000 	C:\Windows\system32\USERENV.dll
0x000007fefcf20000 - 0x000007fefcf2f000 	C:\Windows\system32\CRYPTBASE.dll
0x000007fef9ca0000 - 0x000007fef9cc7000 	C:\Windows\system32\IPHLPAPI.DLL
0x000007fef9c90000 - 0x000007fef9c9b000 	C:\Windows\system32\WINNSI.DLL
0x000007fef9b20000 - 0x000007fef9b31000 	C:\Windows\system32\dhcpcsvc6.DLL
0x000007fef9b00000 - 0x000007fef9b18000 	C:\Windows\system32\dhcpcsvc.DLL
0x0000000064730000 - 0x0000000064741000 	C:\bin\JAVA\jdk1.8.0_111\jre\bin\nio.dll
0x0000000180000000 - 0x0000000180053000 	C:\Users\mikeplum\AppData\Local\Temp\libgdxmikeplum\dc0f0009\lwjgl64.dll
0x000007fee9d00000 - 0x000007fee9e1d000 	C:\Windows\system32\OPENGL32.dll
0x000007feeb6b0000 - 0x000007feeb6dd000 	C:\Windows\system32\GLU32.dll
0x000007fee9c00000 - 0x000007fee9cf1000 	C:\Windows\system32\DDRAW.dll
0x000007fef77c0000 - 0x000007fef77c8000 	C:\Windows\system32\DCIMAN32.dll
0x000007fefe7c0000 - 0x000007fefe997000 	C:\Windows\system32\SETUPAPI.dll
0x000007fefd0a0000 - 0x000007fefd0d6000 	C:\Windows\system32\CFGMGR32.dll
0x000007fefeb30000 - 0x000007fefec07000 	C:\Windows\system32\OLEAUT32.dll
0x000007fefd2f0000 - 0x000007fefd30a000 	C:\Windows\system32\DEVOBJ.dll
0x000007fefb4c0000 - 0x000007fefb4d8000 	C:\Windows\system32\dwmapi.dll
0x0000000001d40000 - 0x0000000001da4000 	C:\Users\mikeplum\AppData\Local\Temp\libgdxmikeplum\dc0f0009\OpenAL64.dll
0x000007fefb760000 - 0x000007fefb7b6000 	C:\Windows\system32\uxtheme.dll
0x000007fef5f20000 - 0x000007fef5f9f000 	C:\Program Files\Common Files\microsoft shared\ink\tiptsf.dll
0x000007fefec30000 - 0x000007fefecc9000 	C:\Windows\system32\CLBCatQ.DLL
0x000007fefb920000 - 0x000007fefba4c000 	C:\Windows\System32\PROPSYS.dll
0x000007fefd380000 - 0x000007fefd3ba000 	C:\Windows\system32\WINTRUST.dll
0x000007fefd180000 - 0x000007fefd2e7000 	C:\Windows\system32\CRYPT32.dll
0x000007fefd090000 - 0x000007fefd09f000 	C:\Windows\system32\MSASN1.dll
0x000007feeb620000 - 0x000007feeb6a8000 	C:\Windows\system32\dsound.dll
0x000007fefb840000 - 0x000007fefb86c000 	C:\Windows\system32\POWRPROF.dll
0x000007fefb7f0000 - 0x000007fefb83b000 	C:\Windows\System32\MMDevApi.dll
0x000007fefa580000 - 0x000007fefa5cf000 	C:\Windows\system32\AUDIOSES.DLL
0x000007fefa5d0000 - 0x000007fefa624000 	C:\Windows\system32\oleacc.dll
0x000000005ffa0000 - 0x00000000618f1000 	C:\Windows\system32\nvoglv64.DLL
0x000007fefb1d0000 - 0x000007fefb1fd000 	C:\Windows\system32\ntmarta.dll
0x000007fefe760000 - 0x000007fefe7b2000 	C:\Windows\system32\WLDAP32.dll
0x000007fefa1b0000 - 0x000007fefa24c000 	C:\Windows\system32\mscms.dll
0x000007feeb3b0000 - 0x000007feeb3f2000 	C:\Windows\system32\icm32.dll
0x0000000066bc0000 - 0x0000000066c7b000 	C:\Users\mikeplum\AppData\Local\Temp\libgdxmikeplum\b6038e5c\gdx-box2d64.dll
0x000007fef7130000 - 0x000007fef7255000 	C:\Windows\system32\dbghelp.dll

VM Arguments:
jvm_args: -Didea.launcher.port=7532 -Didea.launcher.bin.path=C:\bin\IntelliJ IDEA Community Edition 2016.2.5\bin -Dfile.encoding=UTF-8 
java_command: com.intellij.rt.execution.application.AppMain com.sugarplum.mariobros.desktop.DesktopLauncher
java_class_path (initial): C:\bin\JAVA\jdk1.8.0_111\jre\lib\charsets.jar;C:\bin\JAVA\jdk1.8.0_111\jre\lib\deploy.jar;C:\bin\JAVA\jdk1.8.0_111\jre\lib\ext\access-bridge-64.jar;C:\bin\JAVA\jdk1.8.0_111\jre\lib\ext\cldrdata.jar;C:\bin\JAVA\jdk1.8.0_111\jre\lib\ext\dnsns.jar;C:\bin\JAVA\jdk1.8.0_111\jre\lib\ext\jaccess.jar;C:\bin\JAVA\jdk1.8.0_111\jre\lib\ext\jfxrt.jar;C:\bin\JAVA\jdk1.8.0_111\jre\lib\ext\localedata.jar;C:\bin\JAVA\jdk1.8.0_111\jre\lib\ext\nashorn.jar;C:\bin\JAVA\jdk1.8.0_111\jre\lib\ext\sunec.jar;C:\bin\JAVA\jdk1.8.0_111\jre\lib\ext\sunjce_provider.jar;C:\bin\JAVA\jdk1.8.0_111\jre\lib\ext\sunmscapi.jar;C:\bin\JAVA\jdk1.8.0_111\jre\lib\ext\sunpkcs11.jar;C:\bin\JAVA\jdk1.8.0_111\jre\lib\ext\zipfs.jar;C:\bin\JAVA\jdk1.8.0_111\jre\lib\javaws.jar;C:\bin\JAVA\jdk1.8.0_111\jre\lib\jce.jar;C:\bin\JAVA\jdk1.8.0_111\jre\lib\jfr.jar;C:\bin\JAVA\jdk1.8.0_111\jre\lib\jfxswt.jar;C:\bin\JAVA\jdk1.8.0_111\jre\lib\jsse.jar;C:\bin\JAVA\jdk1.8.0_111\jre\lib\management-agent.jar;C:\bin\JAVA\jdk1.8.0_111\jre\lib\plugin.jar;C:\bin\JAVA\jdk1.8.0_111\jre\lib\resources.jar;C:\bin\JAVA\jdk1.8.0_111\jre\lib\rt.jar;C:\workspace\MarioBros\desktop\build\classes\main;C:\workspace\MarioBros\core\build\classes\main;C:\Users\mikeplum\.gradle\caches\modules-2\files-2.1\com.badlogicgames.gdx\gdx-backend-lwjgl\1.9.4\4c6c108a9dcbc07096de8594b93f9cab33856fe2\gdx-backend-lwjgl-1.9.4.jar;C:\Users\mikeplum\.gradle\caches\modules-2\files-2.1\com.badlogicgames.gdx\gdx-platform\1.9.4\8e93afecc287ab152179983fc1b5f65db4c2fa4c\gdx-platform-1.9.4-natives-desktop.jar;C:\Users\mikeplum\.gradle\caches\modules-2\files-2.1\com.badlogicgames.gdx\gdx-box2d-platform\1.9.4\905a9ed3017cd3917b7fbada5ece58c40fddcbca\gdx-box2d-platform-1.9.4-natives-desktop.jar;C:\Users\mikeplum\.gradle\caches\modules-2\files-2.1\com.badlogicgames.gdx\gdx\1.9.4\4b4b7962d1bc75af0438f5c81ec1010557bc9ee5\gdx-1.9.4.jar;C:\Users\mikeplum\.gradle\caches\modules-2\files-2.1\com.badlogicgames.gdx\gdx-box2d\1.9.4\98a0d25c9f0637fecac6e4a
Launcher Type: SUN_STANDARD

Environment Variables:
JAVA_HOME=C:\bin\JAVA\jdk1.8.0_111
PATH=C:\Program Files (x86)\Common Files\Intel\Shared Files\cpp\bin\Intel64;C:\cygwin64\bin;C:\bin\JAVA\jdk1.8.0_111\bin;%C:\ProgramData\Oracle\Java\javapath;C:\Program Files (x86)\NVIDIA Corporation\PhysX\Common;C:\Windows\system32;C:\Windows;C:\Windows\System32\Wbem;C:\Windows\System32\WindowsPowerShell\v1.0\;C:\bin\Git\cmd;C:\bin\TortoiseGIT\bin;C:\Program Files (x86)\Skype\Phone\;C:\Program Files (x86)\GtkSharp\2.12\bin;C:\Users\mikeplum\AppData\Local\Programs\Python\Python36-32\Scripts\;C:\Users\mikeplum\AppData\Local\Programs\Python\Python36-32\
USERNAME=mikeplum
OS=Windows_NT
PROCESSOR_IDENTIFIER=Intel64 Family 6 Model 23 Stepping 10, GenuineIntel



---------------  S Y S T E M  ---------------

OS: Windows 7 , 64 bit Build 7601 (6.1.7601.17514)

CPU:total 2 (2 cores per cpu, 1 threads per core) family 6 model 23 stepping 10, cmov, cx8, fxsr, mmx, sse, sse2, sse3, ssse3, sse4.1, tsc

Memory: 4k page, physical 3143992k(118260k free), swap 6286140k(1476604k free)

vm_info: Java HotSpot(TM) 64-Bit Server VM (25.111-b14) for windows-amd64 JRE (1.8.0_111-b14), built on Sep 22 2016 19:24:05 by "java_re" with MS VC++ 10.0 (VS2010)

time: Tue Feb 07 23:51:39 2017
elapsed time: 44 seconds (0d 0h 0m 44s)

