#
# A fatal error has been detected by the Java Runtime Environment:
#
#  EXCEPTION_ACCESS_VIOLATION (0xc0000005) at pc=0x0000000066bcbd0d, pid=6752, tid=0x0000000000001310
#
# JRE version: Java(TM) SE Runtime Environment (8.0_111-b14) (build 1.8.0_111-b14)
# Java VM: Java HotSpot(TM) 64-Bit Server VM (25.111-b14 mixed mode windows-amd64 compressed oops)
# Problematic frame:
# C  [gdx-box2d64.dll+0xbd0d]
#
# Failed to write core dump. Minidumps are not enabled by default on client versions of Windows
#
# If you would like to submit a bug report, please visit:
#   http://bugreport.java.com/bugreport/crash.jsp
# The crash happened outside the Java Virtual Machine in native code.
# See problematic frame for where to report the bug.
#

---------------  T H R E A D  ---------------

Current thread (0x0000000056001000):  JavaThread "LWJGL Application" [_thread_in_native, id=4880, stack(0x0000000057120000,0x0000000057220000)]

siginfo: ExceptionCode=0xc0000005, reading address 0x00000020003cf250

Registers:
RAX=0x00000020003cf250, RBX=0x000000000039e010, RCX=0x000000000039dfe0, RDX=0x00000000000000b8
RSP=0x000000005721e8a0, RBP=0x0000000000000006, RSI=0x000000000039dfe0, RDI=0x000000005721e960
R8 =0x000000000039dfe0, R9 =0x0000000000000002, R10=0x0000000000000000, R11=0x0000000000000001
R12=0x0000000000000000, R13=0x0000000053de0950, R14=0x000000005721eb50, R15=0x0000000056001000
RIP=0x0000000066bcbd0d, EFLAGS=0x0000000000010206

Top of Stack: (sp=0x000000005721e8a0)
0x000000005721e8a0:   0000000053de0950 0000000056001000
0x000000005721e8b0:   0000000060cd88a8 00000000561abcd0
0x000000005721e8c0:   0000000000000012 000000000039dfe0
0x000000005721e8d0:   0000000053640480 000000005721e960
0x000000005721e8e0:   000000005721eaa8 0000000000000000
0x000000005721e8f0:   0000000053de0950 0000000066be2483
0x000000005721e900:   000000005721e9a0 000000005721e9a0
0x000000005721e910:   0000000000000003 0000000053de0950
0x000000005721e920:   0000000000000001 0000000053640480
0x000000005721e930:   000000000005fb90 0000000066be8616
0x000000005721e940:   0000000000000000 000000000005fb90
0x000000005721e950:   000000005721eaa8 00000000024654d8
0x000000005721e960:   4181eb7700000002 000000003f854791
0x000000005721e970:   0000000000000000 0000000000000000
0x000000005721e980:   0000010100000000 000000005721eb01
0x000000005721e990:   0000000000000000 000000003f800000 

Instructions: (pc=0x0000000066bcbd0d)
0x0000000066bcbced:   48 8d 05 6c a3 05 00 0f b6 1c 18 80 fb 0d 0f b6
0x0000000066bcbcfd:   eb 77 21 48 8d 1c de 48 8b 43 10 48 85 c0 74 3a
0x0000000066bcbd0d:   48 8b 10 48 89 53 10 48 83 c4 28 5b 5e 5f 5d 41
0x0000000066bcbd1d:   5c 41 5d c3 48 8d 15 18 9e 04 00 48 8d 0d 99 9e 


Register to memory mapping:

RAX=0x00000020003cf250 is an unknown value
RBX=0x000000000039e010 is an unknown value
RCX=0x000000000039dfe0 is an unknown value
RDX=0x00000000000000b8 is an unknown value
RSP=0x000000005721e8a0 is pointing into the stack for thread: 0x0000000056001000
RBP=0x0000000000000006 is an unknown value
RSI=0x000000000039dfe0 is an unknown value
RDI=0x000000005721e960 is pointing into the stack for thread: 0x0000000056001000
R8 =0x000000000039dfe0 is an unknown value
R9 =0x0000000000000002 is an unknown value
R10=0x0000000000000000 is an unknown value
R11=0x0000000000000001 is an unknown value
R12=0x0000000000000000 is an unknown value
R13={method} {0x0000000053de0958} 'jniCreateBody' '(JIFFFFFFFFZZZZZF)J' in 'com/badlogic/gdx/physics/box2d/World'
R14=0x000000005721eb50 is pointing into the stack for thread: 0x0000000056001000
R15=0x0000000056001000 is a thread


Stack: [0x0000000057120000,0x0000000057220000],  sp=0x000000005721e8a0,  free space=1018k
Native frames: (J=compiled Java code, j=interpreted, Vv=VM code, C=native code)
C  [gdx-box2d64.dll+0xbd0d]
C  [gdx-box2d64.dll+0x22483]
C  [gdx-box2d64.dll+0x28616]
C  0x00000000024759b4

Java frames: (J=compiled Java code, j=interpreted, Vv=VM code)
j  com.badlogic.gdx.physics.box2d.World.jniCreateBody(JIFFFFFFFFZZZZZF)J+0
j  com.badlogic.gdx.physics.box2d.World.createBody(Lcom/badlogic/gdx/physics/box2d/BodyDef;)Lcom/badlogic/gdx/physics/box2d/Body;+80
j  com.sugarplum.mariobros.Sprites.Items.Mushroom.defineItem()V+37
j  com.sugarplum.mariobros.Sprites.Items.Item.<init>(Lcom/sugarplum/mariobros/Screens/PlayScreen;FF)V+40
j  com.sugarplum.mariobros.Sprites.Items.Mushroom.<init>(Lcom/sugarplum/mariobros/Screens/PlayScreen;FF)V+4
J 1181 C1 com.sugarplum.mariobros.Screens.PlayScreen.handleSpawningItems()V (60 bytes) @ 0x00000000028c51fc [0x00000000028c4e20+0x3dc]
J 1078 C1 com.sugarplum.mariobros.Screens.PlayScreen.update(F)V (178 bytes) @ 0x0000000002870754 [0x0000000002870680+0xd4]
J 1080 C1 com.sugarplum.mariobros.Screens.PlayScreen.render(F)V (223 bytes) @ 0x000000000287905c [0x0000000002878fc0+0x9c]
J 1248 C1 com.sugarplum.mariobros.MarioBros.render()V (5 bytes) @ 0x0000000002926f74 [0x0000000002926da0+0x1d4]
j  com.badlogic.gdx.backends.lwjgl.LwjglApplication.mainLoop()V+698
j  com.badlogic.gdx.backends.lwjgl.LwjglApplication$1.run()V+27
v  ~StubRoutines::call_stub

---------------  P R O C E S S  ---------------

Java Threads: ( => current thread )
  0x00000000562d5800 JavaThread "LWJGL Timer" daemon [_thread_blocked, id=5792, stack(0x000000005ab10000,0x000000005ac10000)]
  0x00000000561bf000 JavaThread "AsynchExecutor-Thread" daemon [_thread_blocked, id=8188, stack(0x000000005a210000,0x000000005a310000)]
  0x0000000001df0000 JavaThread "DestroyJavaVM" [_thread_blocked, id=6692, stack(0x0000000002090000,0x0000000002190000)]
=>0x0000000056001000 JavaThread "LWJGL Application" [_thread_in_native, id=4880, stack(0x0000000057120000,0x0000000057220000)]
  0x00000000556a7000 JavaThread "Monitor Ctrl-Break" daemon [_thread_in_native, id=7556, stack(0x0000000055bf0000,0x0000000055cf0000)]
  0x00000000554c2800 JavaThread "Service Thread" daemon [_thread_blocked, id=3256, stack(0x00000000559c0000,0x0000000055ac0000)]
  0x0000000053fde000 JavaThread "C1 CompilerThread1" daemon [_thread_blocked, id=4376, stack(0x00000000553b0000,0x00000000554b0000)]
  0x0000000053fdc000 JavaThread "C2 CompilerThread0" daemon [_thread_blocked, id=4364, stack(0x0000000054f30000,0x0000000055030000)]
  0x0000000053fda800 JavaThread "Attach Listener" daemon [_thread_blocked, id=5916, stack(0x0000000055240000,0x0000000055340000)]
  0x0000000053fd9000 JavaThread "Signal Dispatcher" daemon [_thread_blocked, id=1912, stack(0x00000000550a0000,0x00000000551a0000)]
  0x0000000053fc1800 JavaThread "Finalizer" daemon [_thread_blocked, id=5292, stack(0x0000000054db0000,0x0000000054eb0000)]
  0x0000000053f78000 JavaThread "Reference Handler" daemon [_thread_blocked, id=1844, stack(0x0000000054c80000,0x0000000054d80000)]

Other Threads:
  0x0000000053f70000 VMThread [stack: 0x0000000054a30000,0x0000000054b30000] [id=412]
  0x00000000554e0800 WatcherThread [stack: 0x00000000558c0000,0x00000000559c0000] [id=6488]

VM state:not at safepoint (normal execution)

VM Mutex/Monitor currently owned by a thread: None

Heap:
 PSYoungGen      total 26624K, used 3008K [0x00000000f0000000, 0x00000000f1c00000, 0x0000000100000000)
  eden space 24576K, 3% used [0x00000000f0000000,0x00000000f00f5090,0x00000000f1800000)
  from space 2048K, 99% used [0x00000000f1a00000,0x00000000f1bfb0f8,0x00000000f1c00000)
  to   space 2048K, 0% used [0x00000000f1800000,0x00000000f1800000,0x00000000f1a00000)
 ParOldGen       total 32768K, used 3401K [0x00000000d0000000, 0x00000000d2000000, 0x00000000f0000000)
  object space 32768K, 10% used [0x00000000d0000000,0x00000000d0352798,0x00000000d2000000)
 Metaspace       used 9408K, capacity 9501K, committed 9728K, reserved 1058816K
  class space    used 898K, capacity 914K, committed 1024K, reserved 1048576K

Card table byte_map: [0x0000000011820000,0x00000000119b0000] byte_map_base: 0x00000000111a0000

Marking Bits: (ParMarkBitMap*) 0x0000000060eba6c0
 Begin Bits: [0x0000000011cc0000, 0x00000000128c0000)
 End Bits:   [0x00000000128c0000, 0x00000000134c0000)

Polling page: 0x00000000001c0000

CodeCache: size=245760Kb used=5346Kb max_used=5357Kb free=240413Kb
 bounds [0x0000000002460000, 0x00000000029b0000, 0x0000000011460000]
 total_blobs=1856 nmethods=1350 adapters=421
 compilation: enabled

Compilation events (10 events):
Event: 31.223 Thread 0x0000000053fde000 1346       3       com.badlogic.gdx.scenes.scene2d.ui.Widget::getMinWidth (5 bytes)
Event: 31.223 Thread 0x0000000053fde000 nmethod 1346 0x000000000299f790 code [0x000000000299f900, 0x000000000299fb08]
Event: 31.223 Thread 0x0000000053fde000 1347       3       com.badlogic.gdx.scenes.scene2d.ui.Value$2::get (30 bytes)
Event: 31.224 Thread 0x0000000053fde000 nmethod 1347 0x000000000299ef10 code [0x000000000299f0a0, 0x000000000299f648]
Event: 31.224 Thread 0x0000000053fde000 1348       3       com.badlogic.gdx.scenes.scene2d.ui.Widget::getMinHeight (5 bytes)
Event: 31.224 Thread 0x0000000053fde000 nmethod 1348 0x000000000299eb10 code [0x000000000299ec80, 0x000000000299ee88]
Event: 31.224 Thread 0x0000000053fde000 1349       3       com.badlogic.gdx.scenes.scene2d.ui.Value$5::get (30 bytes)
Event: 31.224 Thread 0x0000000053fde000 nmethod 1349 0x000000000299e290 code [0x000000000299e420, 0x000000000299e9c8]
Event: 31.272 Thread 0x0000000053fdc000 1350       4       com.badlogic.gdx.utils.IntMap::get (81 bytes)
Event: 31.273 Thread 0x0000000053fdc000 nmethod 1350 0x00000000029a1390 code [0x00000000029a14e0, 0x00000000029a15f8]

GC Heap History (4 events):
Event: 2.381 GC heap before
{Heap before GC invocations=1 (full 0):
 PSYoungGen      total 14336K, used 12288K [0x00000000f0000000, 0x00000000f1000000, 0x0000000100000000)
  eden space 12288K, 100% used [0x00000000f0000000,0x00000000f0c00000,0x00000000f0c00000)
  from space 2048K, 0% used [0x00000000f0e00000,0x00000000f0e00000,0x00000000f1000000)
  to   space 2048K, 0% used [0x00000000f0c00000,0x00000000f0c00000,0x00000000f0e00000)
 ParOldGen       total 32768K, used 0K [0x00000000d0000000, 0x00000000d2000000, 0x00000000f0000000)
  object space 32768K, 0% used [0x00000000d0000000,0x00000000d0000000,0x00000000d2000000)
 Metaspace       used 6896K, capacity 7027K, committed 7168K, reserved 1056768K
  class space    used 654K, capacity 688K, committed 768K, reserved 1048576K
Event: 2.413 GC heap after
Heap after GC invocations=1 (full 0):
 PSYoungGen      total 14336K, used 2042K [0x00000000f0000000, 0x00000000f1c00000, 0x0000000100000000)
  eden space 12288K, 0% used [0x00000000f0000000,0x00000000f0000000,0x00000000f0c00000)
  from space 2048K, 99% used [0x00000000f0c00000,0x00000000f0dfe848,0x00000000f0e00000)
  to   space 2048K, 0% used [0x00000000f1a00000,0x00000000f1a00000,0x00000000f1c00000)
 ParOldGen       total 32768K, used 778K [0x00000000d0000000, 0x00000000d2000000, 0x00000000f0000000)
  object space 32768K, 2% used [0x00000000d0000000,0x00000000d00c2a00,0x00000000d2000000)
 Metaspace       used 6896K, capacity 7027K, committed 7168K, reserved 1056768K
  class space    used 654K, capacity 688K, committed 768K, reserved 1048576K
}
Event: 2.794 GC heap before
{Heap before GC invocations=2 (full 0):
 PSYoungGen      total 14336K, used 14301K [0x00000000f0000000, 0x00000000f1c00000, 0x0000000100000000)
  eden space 12288K, 99% used [0x00000000f0000000,0x00000000f0bf8dd8,0x00000000f0c00000)
  from space 2048K, 99% used [0x00000000f0c00000,0x00000000f0dfe848,0x00000000f0e00000)
  to   space 2048K, 0% used [0x00000000f1a00000,0x00000000f1a00000,0x00000000f1c00000)
 ParOldGen       total 32768K, used 778K [0x00000000d0000000, 0x00000000d2000000, 0x00000000f0000000)
  object space 32768K, 2% used [0x00000000d0000000,0x00000000d00c2a00,0x00000000d2000000)
 Metaspace       used 8987K, capacity 9053K, committed 9216K, reserved 1056768K
  class space    used 886K, capacity 914K, committed 1024K, reserved 1048576K
Event: 2.801 GC heap after
Heap after GC invocations=2 (full 0):
 PSYoungGen      total 26624K, used 2028K [0x00000000f0000000, 0x00000000f1c00000, 0x0000000100000000)
  eden space 24576K, 0% used [0x00000000f0000000,0x00000000f0000000,0x00000000f1800000)
  from space 2048K, 99% used [0x00000000f1a00000,0x00000000f1bfb0f8,0x00000000f1c00000)
  to   space 2048K, 0% used [0x00000000f1800000,0x00000000f1800000,0x00000000f1a00000)
 ParOldGen       total 32768K, used 3401K [0x00000000d0000000, 0x00000000d2000000, 0x00000000f0000000)
  object space 32768K, 10% used [0x00000000d0000000,0x00000000d0352798,0x00000000d2000000)
 Metaspace       used 8987K, capacity 9053K, committed 9216K, reserved 1056768K
  class space    used 886K, capacity 914K, committed 1024K, reserved 1048576K
}

Deoptimization events (10 events):
Event: 2.706 Thread 0x0000000056001000 Uncommon trap: reason=unstable_if action=reinterpret pc=0x00000000026e6628 method=java.util.StringTokenizer.scanToken(I)I @ 7
Event: 2.932 Thread 0x0000000056001000 Uncommon trap: reason=unstable_if action=reinterpret pc=0x0000000002761824 method=com.badlogic.gdx.backends.lwjgl.audio.OggInputStream.read()I @ 11
Event: 7.803 Thread 0x0000000056001000 Uncommon trap: reason=unstable_if action=reinterpret pc=0x000000000285a1c4 method=com.badlogic.gdx.maps.tiled.renderers.OrthogonalTiledMapRenderer.renderTileLayer(Lcom/badlogic/gdx/maps/tiled/TiledMapTileLayer;)V @ 243
Event: 7.821 Thread 0x0000000056001000 Uncommon trap: reason=unstable_if action=reinterpret pc=0x000000000284d84c method=com.badlogic.gdx.maps.tiled.renderers.OrthogonalTiledMapRenderer.renderTileLayer(Lcom/badlogic/gdx/maps/tiled/TiledMapTileLayer;)V @ 243
Event: 16.753 Thread 0x0000000056001000 Uncommon trap: reason=unstable_if action=reinterpret pc=0x00000000028964ac method=com.jcraft.jorbis.Floor1.inverse1(Lcom/jcraft/jorbis/Block;Ljava/lang/Object;Ljava/lang/Object;)Ljava/lang/Object; @ 31
Event: 16.753 Thread 0x0000000056001000 Uncommon trap: reason=unstable_if action=reinterpret pc=0x000000000277db84 method=com.jcraft.jorbis.Mapping0.inverse(Lcom/jcraft/jorbis/Block;Ljava/lang/Object;)I @ 214
Event: 16.753 Thread 0x0000000056001000 Uncommon trap: reason=unstable_if action=reinterpret pc=0x00000000028bf154 method=com.jcraft.jorbis.Floor1.inverse2(Lcom/jcraft/jorbis/Block;Ljava/lang/Object;Ljava/lang/Object;[F)I @ 33
Event: 18.154 Thread 0x0000000056001000 Uncommon trap: reason=unstable_if action=reinterpret pc=0x00000000029257f4 method=com.badlogic.gdx.graphics.g2d.Sprite.translate(FF)V @ 24
Event: 18.167 Thread 0x0000000056001000 Uncommon trap: reason=unstable_if action=reinterpret pc=0x000000000280f66c method=com.badlogic.gdx.physics.box2d.Fixture.getShape()Lcom/badlogic/gdx/physics/box2d/Shape; @ 4
Event: 18.168 Thread 0x0000000056001000 Uncommon trap: reason=unstable_if action=reinterpret pc=0x00000000028c4b8c method=com.badlogic.gdx.graphics.g2d.Sprite.getVertices()[F @ 4

Internal exceptions (10 events):
Event: 1.588 Thread 0x0000000001df0000 Exception <a 'java/security/PrivilegedActionException'> (0x00000000f046a3b8) thrown at [C:\re\workspace\8-2-build-windows-amd64-cygwin\jdk8u111\7883\hotspot\src\share\vm\prims\jvm.cpp, line 1386]
Event: 1.589 Thread 0x0000000001df0000 Exception <a 'java/security/PrivilegedActionException'> (0x00000000f046c090) thrown at [C:\re\workspace\8-2-build-windows-amd64-cygwin\jdk8u111\7883\hotspot\src\share\vm\prims\jvm.cpp, line 1386]
Event: 1.589 Thread 0x0000000001df0000 Exception <a 'java/security/PrivilegedActionException'> (0x00000000f046d200) thrown at [C:\re\workspace\8-2-build-windows-amd64-cygwin\jdk8u111\7883\hotspot\src\share\vm\prims\jvm.cpp, line 1386]
Event: 1.589 Thread 0x0000000001df0000 Exception <a 'java/security/PrivilegedActionException'> (0x00000000f0472368) thrown at [C:\re\workspace\8-2-build-windows-amd64-cygwin\jdk8u111\7883\hotspot\src\share\vm\prims\jvm.cpp, line 1386]
Event: 1.589 Thread 0x0000000001df0000 Exception <a 'java/security/PrivilegedActionException'> (0x00000000f0472fc0) thrown at [C:\re\workspace\8-2-build-windows-amd64-cygwin\jdk8u111\7883\hotspot\src\share\vm\prims\jvm.cpp, line 1386]
Event: 1.589 Thread 0x0000000001df0000 Exception <a 'java/security/PrivilegedActionException'> (0x00000000f0473be8) thrown at [C:\re\workspace\8-2-build-windows-amd64-cygwin\jdk8u111\7883\hotspot\src\share\vm\prims\jvm.cpp, line 1386]
Event: 7.803 Thread 0x0000000056001000 Implicit null exception at 0x0000000002858a1f to 0x000000000285a169
Event: 7.821 Thread 0x0000000056001000 Implicit null exception at 0x000000000284cb5a to 0x000000000284d819
Event: 16.753 Thread 0x0000000056001000 Implicit null exception at 0x00000000028beab6 to 0x00000000028bf135
Event: 18.167 Thread 0x0000000056001000 Implicit null exception at 0x000000000280d1b0 to 0x000000000280f661

Events (10 events):
Event: 18.168 Thread 0x0000000056001000 DEOPT PACKING pc=0x00000000028c4b8c sp=0x000000005721ed90
Event: 18.168 Thread 0x0000000056001000 DEOPT UNPACKING pc=0x00000000024a556a sp=0x000000005721ec78 mode 2
Event: 18.385 Thread 0x0000000056001000 DEOPT PACKING pc=0x0000000002966709 sp=0x000000005721eb70
Event: 18.385 Thread 0x0000000056001000 DEOPT UNPACKING pc=0x00000000024a71bf sp=0x000000005721e8a8 mode 0
Event: 18.603 Thread 0x0000000056001000 DEOPT PACKING pc=0x0000000002966709 sp=0x000000005721eb70
Event: 18.603 Thread 0x0000000056001000 DEOPT UNPACKING pc=0x00000000024a71bf sp=0x000000005721e8a8 mode 0
Event: 19.535 Thread 0x0000000056001000 DEOPT PACKING pc=0x0000000002966709 sp=0x000000005721eb70
Event: 19.535 Thread 0x0000000056001000 DEOPT UNPACKING pc=0x00000000024a71bf sp=0x000000005721e8a8 mode 0
Event: 20.018 Thread 0x0000000056001000 DEOPT PACKING pc=0x0000000002966709 sp=0x000000005721eb70
Event: 20.018 Thread 0x0000000056001000 DEOPT UNPACKING pc=0x00000000024a71bf sp=0x000000005721e8a8 mode 0


Dynamic libraries:
0x000000013f450000 - 0x000000013f487000 	C:\bin\JAVA\jdk1.8.0_111\bin\java.exe
0x0000000077c60000 - 0x0000000077e09000 	C:\Windows\SYSTEM32\ntdll.dll
0x0000000077b40000 - 0x0000000077c5f000 	C:\Windows\system32\kernel32.dll
0x000007fefddf0000 - 0x000007fefde5b000 	C:\Windows\system32\KERNELBASE.dll
0x000007feffc20000 - 0x000007feffcfb000 	C:\Windows\system32\ADVAPI32.dll
0x000007fefecb0000 - 0x000007fefed4f000 	C:\Windows\system32\msvcrt.dll
0x000007fefe540000 - 0x000007fefe55f000 	C:\Windows\SYSTEM32\sechost.dll
0x000007fefe9d0000 - 0x000007fefeafd000 	C:\Windows\system32\RPCRT4.dll
0x0000000077a40000 - 0x0000000077b3a000 	C:\Windows\system32\USER32.dll
0x000007fefeb00000 - 0x000007fefeb67000 	C:\Windows\system32\GDI32.dll
0x000007fefff60000 - 0x000007fefff6e000 	C:\Windows\system32\LPK.dll
0x000007fefe1d0000 - 0x000007fefe299000 	C:\Windows\system32\USP10.dll
0x000007fefc660000 - 0x000007fefc854000 	C:\Windows\WinSxS\amd64_microsoft.windows.common-controls_6595b64144ccf1df_6.0.7601.17514_none_fa396087175ac9ac\COMCTL32.dll
0x000007fefe340000 - 0x000007fefe3b1000 	C:\Windows\system32\SHLWAPI.dll
0x000007fefeb70000 - 0x000007fefeb9e000 	C:\Windows\system32\IMM32.DLL
0x000007fefeba0000 - 0x000007fefeca9000 	C:\Windows\system32\MSCTF.dll
0x0000000060f40000 - 0x0000000061012000 	C:\bin\JAVA\jdk1.8.0_111\jre\bin\msvcr100.dll
0x00000000606a0000 - 0x0000000060f3a000 	C:\bin\JAVA\jdk1.8.0_111\jre\bin\server\jvm.dll
0x000007fef6350000 - 0x000007fef6359000 	C:\Windows\system32\WSOCK32.dll
0x000007fefe3c0000 - 0x000007fefe40d000 	C:\Windows\system32\WS2_32.dll
0x000007fefdf80000 - 0x000007fefdf88000 	C:\Windows\system32\NSI.dll
0x000007fefb800000 - 0x000007fefb83b000 	C:\Windows\system32\WINMM.dll
0x000007fefccf0000 - 0x000007fefccfc000 	C:\Windows\system32\VERSION.dll
0x0000000077e20000 - 0x0000000077e27000 	C:\Windows\system32\PSAPI.DLL
0x0000000065060000 - 0x000000006506f000 	C:\bin\JAVA\jdk1.8.0_111\jre\bin\verify.dll
0x0000000063bb0000 - 0x0000000063bd9000 	C:\bin\JAVA\jdk1.8.0_111\jre\bin\java.dll
0x0000000060680000 - 0x0000000060696000 	C:\bin\JAVA\jdk1.8.0_111\jre\bin\zip.dll
0x000007fefee90000 - 0x000007feffc18000 	C:\Windows\system32\SHELL32.dll
0x000007fefe560000 - 0x000007fefe763000 	C:\Windows\system32\ole32.dll
0x000007fefdbb0000 - 0x000007fefdbbf000 	C:\Windows\system32\profapi.dll
0x000007fefaae0000 - 0x000007fefaaf0000 	C:\bin\IntelliJ IDEA Community Edition 2016.2.5\bin\breakgen64.dll
0x0000000060660000 - 0x000000006067a000 	C:\bin\JAVA\jdk1.8.0_111\jre\bin\net.dll
0x000007fefd420000 - 0x000007fefd475000 	C:\Windows\system32\mswsock.dll
0x000007fefd3f0000 - 0x000007fefd3f7000 	C:\Windows\System32\wship6.dll
0x0000000065580000 - 0x0000000065616000 	C:\Users\mikeplum\AppData\Local\Temp\libgdxmikeplum\8aad67a5\gdx64.dll
0x000007fefd670000 - 0x000007fefd687000 	C:\Windows\system32\CRYPTSP.dll
0x000007fefd1a0000 - 0x000007fefd1e7000 	C:\Windows\system32\rsaenh.dll
0x000007fefcef0000 - 0x000007fefcf0e000 	C:\Windows\system32\USERENV.dll
0x000007fefdae0000 - 0x000007fefdaef000 	C:\Windows\system32\CRYPTBASE.dll
0x000007fefa800000 - 0x000007fefa827000 	C:\Windows\system32\IPHLPAPI.DLL
0x000007fefa740000 - 0x000007fefa74b000 	C:\Windows\system32\WINNSI.DLL
0x000007fefa490000 - 0x000007fefa4a1000 	C:\Windows\system32\dhcpcsvc6.DLL
0x000007fefa470000 - 0x000007fefa488000 	C:\Windows\system32\dhcpcsvc.DLL
0x0000000060640000 - 0x0000000060651000 	C:\bin\JAVA\jdk1.8.0_111\jre\bin\nio.dll
0x0000000180000000 - 0x0000000180053000 	C:\Users\mikeplum\AppData\Local\Temp\libgdxmikeplum\dc0f0009\lwjgl64.dll
0x000007feef910000 - 0x000007feefa2d000 	C:\Windows\system32\OPENGL32.dll
0x000007fef9060000 - 0x000007fef908d000 	C:\Windows\system32\GLU32.dll
0x000007fef0480000 - 0x000007fef0571000 	C:\Windows\system32\DDRAW.dll
0x000007fefab30000 - 0x000007fefab38000 	C:\Windows\system32\DCIMAN32.dll
0x000007feffd00000 - 0x000007feffed7000 	C:\Windows\system32\SETUPAPI.dll
0x000007fefdf00000 - 0x000007fefdf36000 	C:\Windows\system32\CFGMGR32.dll
0x000007fefedb0000 - 0x000007fefee87000 	C:\Windows\system32\OLEAUT32.dll
0x000007fefdc60000 - 0x000007fefdc7a000 	C:\Windows\system32\DEVOBJ.dll
0x000007fefbf50000 - 0x000007fefbf68000 	C:\Windows\system32\dwmapi.dll
0x0000000011b50000 - 0x0000000011bb4000 	C:\Users\mikeplum\AppData\Local\Temp\libgdxmikeplum\dc0f0009\OpenAL64.dll
0x000007fefc450000 - 0x000007fefc4a6000 	C:\Windows\system32\uxtheme.dll
0x000007fef64b0000 - 0x000007fef652f000 	C:\Program Files\Common Files\microsoft shared\ink\tiptsf.dll
0x000007fefe2a0000 - 0x000007fefe339000 	C:\Windows\system32\CLBCatQ.DLL
0x000007fefc4b0000 - 0x000007fefc5dc000 	C:\Windows\System32\PROPSYS.dll
0x000007fefdf40000 - 0x000007fefdf7a000 	C:\Windows\system32\WINTRUST.dll
0x000007fefdc80000 - 0x000007fefdde7000 	C:\Windows\system32\CRYPT32.dll
0x000007fefdc50000 - 0x000007fefdc5f000 	C:\Windows\system32\MSASN1.dll
0x000007feef7a0000 - 0x000007feef828000 	C:\Windows\system32\dsound.dll
0x000007fefc630000 - 0x000007fefc65c000 	C:\Windows\system32\POWRPROF.dll
0x000007fefc130000 - 0x000007fefc17b000 	C:\Windows\System32\MMDevApi.dll
0x000007fefb430000 - 0x000007fefb47f000 	C:\Windows\system32\AUDIOSES.DLL
0x000007fefb2a0000 - 0x000007fefb2f4000 	C:\Windows\system32\oleacc.dll
0x000000005d830000 - 0x000000005f181000 	C:\Windows\system32\nvoglv64.DLL
0x000007fefbd20000 - 0x000007fefbd4d000 	C:\Windows\system32\ntmarta.dll
0x000007fefed50000 - 0x000007fefeda2000 	C:\Windows\system32\WLDAP32.dll
0x000007fef8760000 - 0x000007fef87fc000 	C:\Windows\system32\mscms.dll
0x000007fef5d00000 - 0x000007fef5d42000 	C:\Windows\system32\icm32.dll
0x0000000066bc0000 - 0x0000000066c7b000 	C:\Users\mikeplum\AppData\Local\Temp\libgdxmikeplum\b6038e5c\gdx-box2d64.dll
0x000007fefb590000 - 0x000007fefb6b5000 	C:\Windows\system32\dbghelp.dll

VM Arguments:
jvm_args: -Didea.launcher.port=7537 -Didea.launcher.bin.path=C:\bin\IntelliJ IDEA Community Edition 2016.2.5\bin -Dfile.encoding=UTF-8 
java_command: com.intellij.rt.execution.application.AppMain com.sugarplum.mariobros.desktop.DesktopLauncher
java_class_path (initial): C:\bin\JAVA\jdk1.8.0_111\jre\lib\charsets.jar;C:\bin\JAVA\jdk1.8.0_111\jre\lib\deploy.jar;C:\bin\JAVA\jdk1.8.0_111\jre\lib\ext\access-bridge-64.jar;C:\bin\JAVA\jdk1.8.0_111\jre\lib\ext\cldrdata.jar;C:\bin\JAVA\jdk1.8.0_111\jre\lib\ext\dnsns.jar;C:\bin\JAVA\jdk1.8.0_111\jre\lib\ext\jaccess.jar;C:\bin\JAVA\jdk1.8.0_111\jre\lib\ext\jfxrt.jar;C:\bin\JAVA\jdk1.8.0_111\jre\lib\ext\localedata.jar;C:\bin\JAVA\jdk1.8.0_111\jre\lib\ext\nashorn.jar;C:\bin\JAVA\jdk1.8.0_111\jre\lib\ext\sunec.jar;C:\bin\JAVA\jdk1.8.0_111\jre\lib\ext\sunjce_provider.jar;C:\bin\JAVA\jdk1.8.0_111\jre\lib\ext\sunmscapi.jar;C:\bin\JAVA\jdk1.8.0_111\jre\lib\ext\sunpkcs11.jar;C:\bin\JAVA\jdk1.8.0_111\jre\lib\ext\zipfs.jar;C:\bin\JAVA\jdk1.8.0_111\jre\lib\javaws.jar;C:\bin\JAVA\jdk1.8.0_111\jre\lib\jce.jar;C:\bin\JAVA\jdk1.8.0_111\jre\lib\jfr.jar;C:\bin\JAVA\jdk1.8.0_111\jre\lib\jfxswt.jar;C:\bin\JAVA\jdk1.8.0_111\jre\lib\jsse.jar;C:\bin\JAVA\jdk1.8.0_111\jre\lib\management-agent.jar;C:\bin\JAVA\jdk1.8.0_111\jre\lib\plugin.jar;C:\bin\JAVA\jdk1.8.0_111\jre\lib\resources.jar;C:\bin\JAVA\jdk1.8.0_111\jre\lib\rt.jar;C:\workspace\MarioBros\desktop\build\classes\main;C:\workspace\MarioBros\core\build\classes\main;C:\Users\mikeplum\.gradle\caches\modules-2\files-2.1\com.badlogicgames.gdx\gdx-backend-lwjgl\1.9.4\4c6c108a9dcbc07096de8594b93f9cab33856fe2\gdx-backend-lwjgl-1.9.4.jar;C:\Users\mikeplum\.gradle\caches\modules-2\files-2.1\com.badlogicgames.gdx\gdx-platform\1.9.4\8e93afecc287ab152179983fc1b5f65db4c2fa4c\gdx-platform-1.9.4-natives-desktop.jar;C:\Users\mikeplum\.gradle\caches\modules-2\files-2.1\com.badlogicgames.gdx\gdx-box2d-platform\1.9.4\905a9ed3017cd3917b7fbada5ece58c40fddcbca\gdx-box2d-platform-1.9.4-natives-desktop.jar;C:\Users\mikeplum\.gradle\caches\modules-2\files-2.1\com.badlogicgames.gdx\gdx\1.9.4\4b4b7962d1bc75af0438f5c81ec1010557bc9ee5\gdx-1.9.4.jar;C:\Users\mikeplum\.gradle\caches\modules-2\files-2.1\com.badlogicgames.gdx\gdx-box2d\1.9.4\98a0d25c9f0637fecac6e4a
Launcher Type: SUN_STANDARD

Environment Variables:
JAVA_HOME=C:\bin\JAVA\jdk1.8.0_111
PATH=C:\Program Files (x86)\Common Files\Intel\Shared Files\cpp\bin\Intel64;C:\cygwin64\bin;C:\bin\JAVA\jdk1.8.0_111\bin;%C:\ProgramData\Oracle\Java\javapath;C:\Program Files (x86)\NVIDIA Corporation\PhysX\Common;C:\Windows\system32;C:\Windows;C:\Windows\System32\Wbem;C:\Windows\System32\WindowsPowerShell\v1.0\;C:\bin\Git\cmd;C:\bin\TortoiseGIT\bin;C:\Program Files (x86)\Skype\Phone\;C:\Program Files (x86)\GtkSharp\2.12\bin;C:\Users\mikeplum\AppData\Local\Programs\Python\Python36-32\Scripts\;C:\Users\mikeplum\AppData\Local\Programs\Python\Python36-32\
USERNAME=mikeplum
OS=Windows_NT
PROCESSOR_IDENTIFIER=Intel64 Family 6 Model 23 Stepping 10, GenuineIntel



---------------  S Y S T E M  ---------------

OS: Windows 7 , 64 bit Build 7601 (6.1.7601.17514)

CPU:total 2 (2 cores per cpu, 1 threads per core) family 6 model 23 stepping 10, cmov, cx8, fxsr, mmx, sse, sse2, sse3, ssse3, sse4.1, tsc

Memory: 4k page, physical 3143992k(269444k free), swap 6286140k(553572k free)

vm_info: Java HotSpot(TM) 64-Bit Server VM (25.111-b14) for windows-amd64 JRE (1.8.0_111-b14), built on Sep 22 2016 19:24:05 by "java_re" with MS VC++ 10.0 (VS2010)

time: Sun Jan 29 22:05:34 2017
elapsed time: 31 seconds (0d 0h 0m 31s)

