#
# A fatal error has been detected by the Java Runtime Environment:
#
#  EXCEPTION_ACCESS_VIOLATION (0xc0000005) at pc=0x0000000066bcbd0d, pid=5476, tid=0x0000000000000940
#
# JRE version: Java(TM) SE Runtime Environment (8.0_111-b14) (build 1.8.0_111-b14)
# Java VM: Java HotSpot(TM) 64-Bit Server VM (25.111-b14 mixed mode windows-amd64 compressed oops)
# Problematic frame:
# C  [gdx-box2d64.dll+0xbd0d]
#
# Failed to write core dump. Minidumps are not enabled by default on client versions of Windows
#
# If you would like to submit a bug report, please visit:
#   http://bugreport.java.com/bugreport/crash.jsp
# The crash happened outside the Java Virtual Machine in native code.
# See problematic frame for where to report the bug.
#

---------------  T H R E A D  ---------------

Current thread (0x0000000056067800):  JavaThread "LWJGL Application" [_thread_in_native, id=2368, stack(0x00000000570f0000,0x00000000571f0000)]

siginfo: ExceptionCode=0xc0000005, reading address 0x00000020004c24d0

Registers:
RAX=0x00000020004c24d0, RBX=0x000000000047e010, RCX=0x000000000047dfe0, RDX=0x00000000000000b8
RSP=0x00000000571ee920, RBP=0x0000000000000006, RSI=0x000000000047dfe0, RDI=0x00000000571ee9e0
R8 =0x000000000047dfe0, R9 =0x0000000000000002, R10=0x0000000000000000, R11=0x0000000000000001
R12=0x0000000000000000, R13=0x0000000053ed51f8, R14=0x00000000571eebd0, R15=0x0000000056067800
RIP=0x0000000066bcbd0d, EFLAGS=0x0000000000010202

Top of Stack: (sp=0x00000000571ee920)
0x00000000571ee920:   0000000053ed51f8 0000000056067800
0x00000000571ee930:   0000000060cd88a8 00000000560a6ee0
0x00000000571ee940:   0000000000000012 000000000047dfe0
0x00000000571ee950:   0000000053720480 00000000571ee9e0
0x00000000571ee960:   00000000571eeb28 0000000000000000
0x00000000571ee970:   0000000053ed51f8 0000000066be2483
0x00000000571ee980:   00000000571eea20 00000000571eea20
0x00000000571ee990:   0000000000000003 0000000053ed51f8
0x00000000571ee9a0:   0000000000000001 0000000053720480
0x00000000571ee9b0:   0000000000060d78 0000000066be8616
0x00000000571ee9c0:   0000000000000000 0000000000060d78
0x00000000571ee9d0:   00000000571eeb28 00000000025a54d8
0x00000000571ee9e0:   4070861100000002 000000003f855a3f
0x00000000571ee9f0:   0000000000000000 0000000000000000
0x00000000571eea00:   0000010100000000 00000000571eeb01
0x00000000571eea10:   0000000000000000 000000003f800000 

Instructions: (pc=0x0000000066bcbd0d)
0x0000000066bcbced:   48 8d 05 6c a3 05 00 0f b6 1c 18 80 fb 0d 0f b6
0x0000000066bcbcfd:   eb 77 21 48 8d 1c de 48 8b 43 10 48 85 c0 74 3a
0x0000000066bcbd0d:   48 8b 10 48 89 53 10 48 83 c4 28 5b 5e 5f 5d 41
0x0000000066bcbd1d:   5c 41 5d c3 48 8d 15 18 9e 04 00 48 8d 0d 99 9e 


Register to memory mapping:

RAX=0x00000020004c24d0 is an unknown value
RBX=0x000000000047e010 is an unknown value
RCX=0x000000000047dfe0 is an unknown value
RDX=0x00000000000000b8 is an unknown value
RSP=0x00000000571ee920 is pointing into the stack for thread: 0x0000000056067800
RBP=0x0000000000000006 is an unknown value
RSI=0x000000000047dfe0 is an unknown value
RDI=0x00000000571ee9e0 is pointing into the stack for thread: 0x0000000056067800
R8 =0x000000000047dfe0 is an unknown value
R9 =0x0000000000000002 is an unknown value
R10=0x0000000000000000 is an unknown value
R11=0x0000000000000001 is an unknown value
R12=0x0000000000000000 is an unknown value
R13={method} {0x0000000053ed5200} 'jniCreateBody' '(JIFFFFFFFFZZZZZF)J' in 'com/badlogic/gdx/physics/box2d/World'
R14=0x00000000571eebd0 is pointing into the stack for thread: 0x0000000056067800
R15=0x0000000056067800 is a thread


Stack: [0x00000000570f0000,0x00000000571f0000],  sp=0x00000000571ee920,  free space=1018k
Native frames: (J=compiled Java code, j=interpreted, Vv=VM code, C=native code)
C  [gdx-box2d64.dll+0xbd0d]
C  [gdx-box2d64.dll+0x22483]
C  [gdx-box2d64.dll+0x28616]
C  0x00000000025b59b4

Java frames: (J=compiled Java code, j=interpreted, Vv=VM code)
j  com.badlogic.gdx.physics.box2d.World.jniCreateBody(JIFFFFFFFFZZZZZF)J+0
j  com.badlogic.gdx.physics.box2d.World.createBody(Lcom/badlogic/gdx/physics/box2d/BodyDef;)Lcom/badlogic/gdx/physics/box2d/Body;+80
j  com.sugarplum.mariobros.Sprites.Items.Mushroom.defineItem()V+37
j  com.sugarplum.mariobros.Sprites.Items.Item.<init>(Lcom/sugarplum/mariobros/Screens/PlayScreen;FF)V+40
j  com.sugarplum.mariobros.Sprites.Items.Mushroom.<init>(Lcom/sugarplum/mariobros/Screens/PlayScreen;FF)V+4
J 1253 C1 com.sugarplum.mariobros.Screens.PlayScreen.handleSpawningItems()V (60 bytes) @ 0x0000000002a3fe14 [0x0000000002a3fa40+0x3d4]
J 1177 C1 com.sugarplum.mariobros.Screens.PlayScreen.update(F)V (178 bytes) @ 0x00000000029fedb4 [0x00000000029fece0+0xd4]
J 1178 C1 com.sugarplum.mariobros.Screens.PlayScreen.render(F)V (223 bytes) @ 0x0000000002a04e7c [0x0000000002a04de0+0x9c]
j  com.badlogic.gdx.Game.render()V+19
j  com.sugarplum.mariobros.MarioBros.render()V+1
j  com.badlogic.gdx.backends.lwjgl.LwjglApplication.mainLoop()V+698
j  com.badlogic.gdx.backends.lwjgl.LwjglApplication$1.run()V+27
v  ~StubRoutines::call_stub

---------------  P R O C E S S  ---------------

Java Threads: ( => current thread )
  0x000000005623b000 JavaThread "LWJGL Timer" daemon [_thread_blocked, id=5572, stack(0x000000005ab50000,0x000000005ac50000)]
  0x0000000056165000 JavaThread "AsynchExecutor-Thread" daemon [_thread_blocked, id=6064, stack(0x000000005a170000,0x000000005a270000)]
  0x0000000001d70000 JavaThread "DestroyJavaVM" [_thread_blocked, id=7700, stack(0x00000000021d0000,0x00000000022d0000)]
=>0x0000000056067800 JavaThread "LWJGL Application" [_thread_in_native, id=2368, stack(0x00000000570f0000,0x00000000571f0000)]
  0x00000000556a0000 JavaThread "Monitor Ctrl-Break" daemon [_thread_in_native, id=2432, stack(0x0000000055ca0000,0x0000000055da0000)]
  0x00000000540ce000 JavaThread "Service Thread" daemon [_thread_blocked, id=7420, stack(0x0000000055130000,0x0000000055230000)]
  0x00000000540c2000 JavaThread "C1 CompilerThread1" daemon [_thread_blocked, id=5508, stack(0x00000000553c0000,0x00000000554c0000)]
  0x00000000540ba800 JavaThread "C2 CompilerThread0" daemon [_thread_blocked, id=1100, stack(0x0000000055250000,0x0000000055350000)]
  0x00000000540b9000 JavaThread "Attach Listener" daemon [_thread_blocked, id=7212, stack(0x0000000054ed0000,0x0000000054fd0000)]
  0x00000000540b8000 JavaThread "Signal Dispatcher" daemon [_thread_blocked, id=7908, stack(0x0000000055000000,0x0000000055100000)]
  0x00000000540a0000 JavaThread "Finalizer" daemon [_thread_blocked, id=6332, stack(0x0000000054d40000,0x0000000054e40000)]
  0x0000000054057000 JavaThread "Reference Handler" daemon [_thread_blocked, id=5944, stack(0x00000000549a0000,0x0000000054aa0000)]

Other Threads:
  0x000000005404f000 VMThread [stack: 0x0000000054ab0000,0x0000000054bb0000] [id=1060]
  0x00000000554d8800 WatcherThread [stack: 0x00000000559a0000,0x0000000055aa0000] [id=8064]

VM state:not at safepoint (normal execution)

VM Mutex/Monitor currently owned by a thread: None

Heap:
 PSYoungGen      total 14336K, used 2491K [0x00000000f0000000, 0x00000000f1000000, 0x0000000100000000)
  eden space 12288K, 3% used [0x00000000f0000000,0x00000000f0075a58,0x00000000f0c00000)
  from space 2048K, 98% used [0x00000000f0e00000,0x00000000f0ff91d8,0x00000000f1000000)
  to   space 2048K, 0% used [0x00000000f0c00000,0x00000000f0c00000,0x00000000f0e00000)
 ParOldGen       total 32768K, used 3506K [0x00000000d0000000, 0x00000000d2000000, 0x00000000f0000000)
  object space 32768K, 10% used [0x00000000d0000000,0x00000000d036cb48,0x00000000d2000000)
 Metaspace       used 9421K, capacity 9501K, committed 9728K, reserved 1058816K
  class space    used 898K, capacity 914K, committed 1024K, reserved 1048576K

Card table byte_map: [0x0000000011960000,0x0000000011af0000] byte_map_base: 0x00000000112e0000

Marking Bits: (ParMarkBitMap*) 0x0000000060eba6c0
 Begin Bits: [0x0000000011da0000, 0x00000000129a0000)
 End Bits:   [0x00000000129a0000, 0x00000000135a0000)

Polling page: 0x00000000001c0000

CodeCache: size=245760Kb used=4974Kb max_used=4985Kb free=240785Kb
 bounds [0x00000000025a0000, 0x0000000002a90000, 0x00000000115a0000]
 total_blobs=1809 nmethods=1303 adapters=421
 compilation: enabled

Compilation events (10 events):
Event: 10.442 Thread 0x00000000540ba800 1301       4       com.badlogic.gdx.graphics.g2d.Sprite::translate (95 bytes)
Event: 10.443 Thread 0x00000000540ba800 nmethod 1301 0x0000000002a6ce10 code [0x0000000002a6cf40, 0x0000000002a6d038]
Event: 10.492 Thread 0x00000000540c2000 1302   !   3       com.jcraft.jogg.SyncState::pageseek (663 bytes)
Event: 10.493 Thread 0x00000000540c2000 nmethod 1302 0x0000000002a7c790 code [0x0000000002a7c9c0, 0x0000000002a7d988]
Event: 10.636 Thread 0x00000000540c2000 1303       3       com.badlogic.gdx.utils.FloatArray::add (48 bytes)
Event: 10.637 Thread 0x00000000540c2000 nmethod 1303 0x0000000002a7be50 code [0x0000000002a7c020, 0x0000000002a7c568]
Event: 10.676 Thread 0x00000000540c2000 1304       3       com.badlogic.gdx.maps.tiled.renderers.OrthogonalTiledMapRenderer::renderTileLayer (951 bytes)
Event: 10.678 Thread 0x00000000540c2000 nmethod 1304 0x0000000002a7e550 code [0x0000000002a7e840, 0x0000000002a80228]
Event: 10.727 Thread 0x00000000540ba800 1305       4       com.jcraft.jogg.Buffer::readinit (26 bytes)
Event: 10.728 Thread 0x00000000540ba800 nmethod 1305 0x0000000002a2f410 code [0x0000000002a2f540, 0x0000000002a2f5b8]

GC Heap History (4 events):
Event: 1.963 GC heap before
{Heap before GC invocations=1 (full 0):
 PSYoungGen      total 14336K, used 12288K [0x00000000f0000000, 0x00000000f1000000, 0x0000000100000000)
  eden space 12288K, 100% used [0x00000000f0000000,0x00000000f0c00000,0x00000000f0c00000)
  from space 2048K, 0% used [0x00000000f0e00000,0x00000000f0e00000,0x00000000f1000000)
  to   space 2048K, 0% used [0x00000000f0c00000,0x00000000f0c00000,0x00000000f0e00000)
 ParOldGen       total 32768K, used 0K [0x00000000d0000000, 0x00000000d2000000, 0x00000000f0000000)
  object space 32768K, 0% used [0x00000000d0000000,0x00000000d0000000,0x00000000d2000000)
 Metaspace       used 6893K, capacity 7027K, committed 7168K, reserved 1056768K
  class space    used 654K, capacity 688K, committed 768K, reserved 1048576K
Event: 1.969 GC heap after
Heap after GC invocations=1 (full 0):
 PSYoungGen      total 14336K, used 2046K [0x00000000f0000000, 0x00000000f1000000, 0x0000000100000000)
  eden space 12288K, 0% used [0x00000000f0000000,0x00000000f0000000,0x00000000f0c00000)
  from space 2048K, 99% used [0x00000000f0c00000,0x00000000f0dffb08,0x00000000f0e00000)
  to   space 2048K, 0% used [0x00000000f0e00000,0x00000000f0e00000,0x00000000f1000000)
 ParOldGen       total 32768K, used 741K [0x00000000d0000000, 0x00000000d2000000, 0x00000000f0000000)
  object space 32768K, 2% used [0x00000000d0000000,0x00000000d00b9740,0x00000000d2000000)
 Metaspace       used 6893K, capacity 7027K, committed 7168K, reserved 1056768K
  class space    used 654K, capacity 688K, committed 768K, reserved 1048576K
}
Event: 2.607 GC heap before
{Heap before GC invocations=2 (full 0):
 PSYoungGen      total 14336K, used 14334K [0x00000000f0000000, 0x00000000f1000000, 0x0000000100000000)
  eden space 12288K, 100% used [0x00000000f0000000,0x00000000f0c00000,0x00000000f0c00000)
  from space 2048K, 99% used [0x00000000f0c00000,0x00000000f0dffb08,0x00000000f0e00000)
  to   space 2048K, 0% used [0x00000000f0e00000,0x00000000f0e00000,0x00000000f1000000)
 ParOldGen       total 32768K, used 741K [0x00000000d0000000, 0x00000000d2000000, 0x00000000f0000000)
  object space 32768K, 2% used [0x00000000d0000000,0x00000000d00b9740,0x00000000d2000000)
 Metaspace       used 9092K, capacity 9181K, committed 9472K, reserved 1058816K
  class space    used 890K, capacity 914K, committed 1024K, reserved 1048576K
Event: 2.615 GC heap after
Heap after GC invocations=2 (full 0):
 PSYoungGen      total 14336K, used 2020K [0x00000000f0000000, 0x00000000f1000000, 0x0000000100000000)
  eden space 12288K, 0% used [0x00000000f0000000,0x00000000f0000000,0x00000000f0c00000)
  from space 2048K, 98% used [0x00000000f0e00000,0x00000000f0ff91d8,0x00000000f1000000)
  to   space 2048K, 0% used [0x00000000f0c00000,0x00000000f0c00000,0x00000000f0e00000)
 ParOldGen       total 32768K, used 3506K [0x00000000d0000000, 0x00000000d2000000, 0x00000000f0000000)
  object space 32768K, 10% used [0x00000000d0000000,0x00000000d036cb48,0x00000000d2000000)
 Metaspace       used 9092K, capacity 9181K, committed 9472K, reserved 1058816K
  class space    used 890K, capacity 914K, committed 1024K, reserved 1048576K
}

Deoptimization events (10 events):
Event: 2.151 Thread 0x0000000056067800 Uncommon trap: reason=unstable_if action=reinterpret pc=0x00000000027715a0 method=sun.misc.MetaIndex.mayContain(Ljava/lang/String;)Z @ 38
Event: 2.151 Thread 0x0000000056067800 Uncommon trap: reason=unstable_if action=reinterpret pc=0x0000000002762c70 method=sun.misc.MetaIndex.mayContain(Ljava/lang/String;)Z @ 38
Event: 2.238 Thread 0x0000000056067800 Uncommon trap: reason=unstable_if action=reinterpret pc=0x0000000002852fe8 method=java.util.StringTokenizer.scanToken(I)I @ 7
Event: 2.249 Thread 0x0000000056067800 Uncommon trap: reason=unstable_if action=reinterpret pc=0x000000000283d9a8 method=java.util.StringTokenizer.scanToken(I)I @ 7
Event: 2.835 Thread 0x0000000056067800 Uncommon trap: reason=unstable_if action=reinterpret pc=0x00000000028fed64 method=com.badlogic.gdx.backends.lwjgl.audio.OggInputStream.read()I @ 11
Event: 4.654 Thread 0x0000000056067800 Uncommon trap: reason=unstable_if action=reinterpret pc=0x00000000029a15ac method=com.badlogic.gdx.utils.Array.iterator()Ljava/util/Iterator; @ 4
Event: 4.654 Thread 0x0000000056067800 Uncommon trap: reason=unstable_if action=reinterpret pc=0x0000000002995f48 method=com.badlogic.gdx.utils.Array$ArrayIterable.iterator()Ljava/util/Iterator; @ 4
Event: 4.655 Thread 0x0000000056067800 Uncommon trap: reason=unstable_if action=reinterpret pc=0x00000000029926ec method=com.badlogic.gdx.physics.box2d.Fixture.getShape()Lcom/badlogic/gdx/physics/box2d/Shape; @ 4
Event: 5.221 Thread 0x0000000056067800 Uncommon trap: reason=unstable_if action=reinterpret pc=0x00000000029d6128 method=com.badlogic.gdx.physics.box2d.Box2DDebugRenderer.getColorByBody(Lcom/badlogic/gdx/physics/box2d/Body;)Lcom/badlogic/gdx/graphics/Color; @ 46
Event: 10.659 Thread 0x0000000056067800 Uncommon trap: reason=unstable_if action=reinterpret pc=0x00000000029be834 method=com.badlogic.gdx.maps.tiled.renderers.OrthogonalTiledMapRenderer.renderTileLayer(Lcom/badlogic/gdx/maps/tiled/TiledMapTileLayer;)V @ 243

Internal exceptions (10 events):
Event: 1.319 Thread 0x0000000001d70000 Exception <a 'java/security/PrivilegedActionException'> (0x00000000f046a318) thrown at [C:\re\workspace\8-2-build-windows-amd64-cygwin\jdk8u111\7883\hotspot\src\share\vm\prims\jvm.cpp, line 1386]
Event: 1.319 Thread 0x0000000001d70000 Exception <a 'java/security/PrivilegedActionException'> (0x00000000f046bff0) thrown at [C:\re\workspace\8-2-build-windows-amd64-cygwin\jdk8u111\7883\hotspot\src\share\vm\prims\jvm.cpp, line 1386]
Event: 1.319 Thread 0x0000000001d70000 Exception <a 'java/security/PrivilegedActionException'> (0x00000000f046d160) thrown at [C:\re\workspace\8-2-build-windows-amd64-cygwin\jdk8u111\7883\hotspot\src\share\vm\prims\jvm.cpp, line 1386]
Event: 1.319 Thread 0x0000000001d70000 Exception <a 'java/security/PrivilegedActionException'> (0x00000000f04722c8) thrown at [C:\re\workspace\8-2-build-windows-amd64-cygwin\jdk8u111\7883\hotspot\src\share\vm\prims\jvm.cpp, line 1386]
Event: 1.319 Thread 0x0000000001d70000 Exception <a 'java/security/PrivilegedActionException'> (0x00000000f0472f20) thrown at [C:\re\workspace\8-2-build-windows-amd64-cygwin\jdk8u111\7883\hotspot\src\share\vm\prims\jvm.cpp, line 1386]
Event: 1.319 Thread 0x0000000001d70000 Exception <a 'java/security/PrivilegedActionException'> (0x00000000f0473b48) thrown at [C:\re\workspace\8-2-build-windows-amd64-cygwin\jdk8u111\7883\hotspot\src\share\vm\prims\jvm.cpp, line 1386]
Event: 4.654 Thread 0x0000000056067800 Implicit null exception at 0x00000000029a1170 to 0x00000000029a158d
Event: 4.654 Thread 0x0000000056067800 Implicit null exception at 0x0000000002995ee0 to 0x0000000002995f35
Event: 4.655 Thread 0x0000000056067800 Implicit null exception at 0x0000000002990230 to 0x00000000029926e1
Event: 10.659 Thread 0x0000000056067800 Implicit null exception at 0x00000000029bdded to 0x00000000029be7d5

Events (10 events):
Event: 5.488 Thread 0x0000000056067800 DEOPT UNPACKING pc=0x00000000025e71bf sp=0x00000000571eeb68 mode 0
Event: 6.563 Thread 0x0000000056067800 DEOPT PACKING pc=0x00000000028bf719 sp=0x00000000571eec80
Event: 6.564 Thread 0x0000000056067800 DEOPT UNPACKING pc=0x00000000025e71bf sp=0x00000000571ee9b8 mode 0
Event: 7.938 Thread 0x0000000056067800 DEOPT PACKING pc=0x000000000299f8e9 sp=0x00000000571eec60
Event: 7.938 Thread 0x0000000056067800 DEOPT UNPACKING pc=0x00000000025e71bf sp=0x00000000571ee960 mode 0
Event: 9.806 Thread 0x0000000056067800 DEOPT PACKING pc=0x0000000002a0fc55 sp=0x00000000571eed10
Event: 9.806 Thread 0x0000000056067800 DEOPT UNPACKING pc=0x00000000025e71bf sp=0x00000000571eea40 mode 0
Event: 10.659 Thread 0x0000000056067800 Uncommon trap: trap_request=0xffffff65 fr.pc=0x00000000029be834
Event: 10.659 Thread 0x0000000056067800 DEOPT PACKING pc=0x00000000029be834 sp=0x00000000571eed80
Event: 10.659 Thread 0x0000000056067800 DEOPT UNPACKING pc=0x00000000025e556a sp=0x00000000571eecc8 mode 2


Dynamic libraries:
0x000000013f450000 - 0x000000013f487000 	C:\bin\JAVA\jdk1.8.0_111\bin\java.exe
0x0000000077c60000 - 0x0000000077e09000 	C:\Windows\SYSTEM32\ntdll.dll
0x0000000077b40000 - 0x0000000077c5f000 	C:\Windows\system32\kernel32.dll
0x000007fefddf0000 - 0x000007fefde5b000 	C:\Windows\system32\KERNELBASE.dll
0x000007feffc20000 - 0x000007feffcfb000 	C:\Windows\system32\ADVAPI32.dll
0x000007fefecb0000 - 0x000007fefed4f000 	C:\Windows\system32\msvcrt.dll
0x000007fefe540000 - 0x000007fefe55f000 	C:\Windows\SYSTEM32\sechost.dll
0x000007fefe9d0000 - 0x000007fefeafd000 	C:\Windows\system32\RPCRT4.dll
0x0000000077a40000 - 0x0000000077b3a000 	C:\Windows\system32\USER32.dll
0x000007fefeb00000 - 0x000007fefeb67000 	C:\Windows\system32\GDI32.dll
0x000007fefff60000 - 0x000007fefff6e000 	C:\Windows\system32\LPK.dll
0x000007fefe1d0000 - 0x000007fefe299000 	C:\Windows\system32\USP10.dll
0x000007fefc660000 - 0x000007fefc854000 	C:\Windows\WinSxS\amd64_microsoft.windows.common-controls_6595b64144ccf1df_6.0.7601.17514_none_fa396087175ac9ac\COMCTL32.dll
0x000007fefe340000 - 0x000007fefe3b1000 	C:\Windows\system32\SHLWAPI.dll
0x000007fefeb70000 - 0x000007fefeb9e000 	C:\Windows\system32\IMM32.DLL
0x000007fefeba0000 - 0x000007fefeca9000 	C:\Windows\system32\MSCTF.dll
0x0000000060f40000 - 0x0000000061012000 	C:\bin\JAVA\jdk1.8.0_111\jre\bin\msvcr100.dll
0x00000000606a0000 - 0x0000000060f3a000 	C:\bin\JAVA\jdk1.8.0_111\jre\bin\server\jvm.dll
0x000007fef6350000 - 0x000007fef6359000 	C:\Windows\system32\WSOCK32.dll
0x000007fefe3c0000 - 0x000007fefe40d000 	C:\Windows\system32\WS2_32.dll
0x000007fefdf80000 - 0x000007fefdf88000 	C:\Windows\system32\NSI.dll
0x000007fefb800000 - 0x000007fefb83b000 	C:\Windows\system32\WINMM.dll
0x000007fefccf0000 - 0x000007fefccfc000 	C:\Windows\system32\VERSION.dll
0x0000000077e20000 - 0x0000000077e27000 	C:\Windows\system32\PSAPI.DLL
0x0000000065060000 - 0x000000006506f000 	C:\bin\JAVA\jdk1.8.0_111\jre\bin\verify.dll
0x0000000063bb0000 - 0x0000000063bd9000 	C:\bin\JAVA\jdk1.8.0_111\jre\bin\java.dll
0x0000000060680000 - 0x0000000060696000 	C:\bin\JAVA\jdk1.8.0_111\jre\bin\zip.dll
0x000007fefee90000 - 0x000007feffc18000 	C:\Windows\system32\SHELL32.dll
0x000007fefe560000 - 0x000007fefe763000 	C:\Windows\system32\ole32.dll
0x000007fefdbb0000 - 0x000007fefdbbf000 	C:\Windows\system32\profapi.dll
0x000007fef9080000 - 0x000007fef9090000 	C:\bin\IntelliJ IDEA Community Edition 2016.2.5\bin\breakgen64.dll
0x0000000060660000 - 0x000000006067a000 	C:\bin\JAVA\jdk1.8.0_111\jre\bin\net.dll
0x000007fefd420000 - 0x000007fefd475000 	C:\Windows\system32\mswsock.dll
0x000007fefd3f0000 - 0x000007fefd3f7000 	C:\Windows\System32\wship6.dll
0x0000000065580000 - 0x0000000065616000 	C:\Users\mikeplum\AppData\Local\Temp\libgdxmikeplum\8aad67a5\gdx64.dll
0x000007fefd670000 - 0x000007fefd687000 	C:\Windows\system32\CRYPTSP.dll
0x000007fefd1a0000 - 0x000007fefd1e7000 	C:\Windows\system32\rsaenh.dll
0x000007fefcef0000 - 0x000007fefcf0e000 	C:\Windows\system32\USERENV.dll
0x000007fefdae0000 - 0x000007fefdaef000 	C:\Windows\system32\CRYPTBASE.dll
0x000007fefa800000 - 0x000007fefa827000 	C:\Windows\system32\IPHLPAPI.DLL
0x000007fefa740000 - 0x000007fefa74b000 	C:\Windows\system32\WINNSI.DLL
0x000007fefa490000 - 0x000007fefa4a1000 	C:\Windows\system32\dhcpcsvc6.DLL
0x000007fefa470000 - 0x000007fefa488000 	C:\Windows\system32\dhcpcsvc.DLL
0x0000000060640000 - 0x0000000060651000 	C:\bin\JAVA\jdk1.8.0_111\jre\bin\nio.dll
0x0000000180000000 - 0x0000000180053000 	C:\Users\mikeplum\AppData\Local\Temp\libgdxmikeplum\dc0f0009\lwjgl64.dll
0x000007feee8f0000 - 0x000007feeea0d000 	C:\Windows\system32\OPENGL32.dll
0x000007fef9050000 - 0x000007fef907d000 	C:\Windows\system32\GLU32.dll
0x000007fef0480000 - 0x000007fef0571000 	C:\Windows\system32\DDRAW.dll
0x000007fefab30000 - 0x000007fefab38000 	C:\Windows\system32\DCIMAN32.dll
0x000007feffd00000 - 0x000007feffed7000 	C:\Windows\system32\SETUPAPI.dll
0x000007fefdf00000 - 0x000007fefdf36000 	C:\Windows\system32\CFGMGR32.dll
0x000007fefedb0000 - 0x000007fefee87000 	C:\Windows\system32\OLEAUT32.dll
0x000007fefdc60000 - 0x000007fefdc7a000 	C:\Windows\system32\DEVOBJ.dll
0x000007fefbf50000 - 0x000007fefbf68000 	C:\Windows\system32\dwmapi.dll
0x0000000011af0000 - 0x0000000011b54000 	C:\Users\mikeplum\AppData\Local\Temp\libgdxmikeplum\dc0f0009\OpenAL64.dll
0x000007fefc450000 - 0x000007fefc4a6000 	C:\Windows\system32\uxtheme.dll
0x000007fef64b0000 - 0x000007fef652f000 	C:\Program Files\Common Files\microsoft shared\ink\tiptsf.dll
0x000007fefe2a0000 - 0x000007fefe339000 	C:\Windows\system32\CLBCatQ.DLL
0x000007fefc4b0000 - 0x000007fefc5dc000 	C:\Windows\System32\PROPSYS.dll
0x000007fefdf40000 - 0x000007fefdf7a000 	C:\Windows\system32\WINTRUST.dll
0x000007fefdc80000 - 0x000007fefdde7000 	C:\Windows\system32\CRYPT32.dll
0x000007fefdc50000 - 0x000007fefdc5f000 	C:\Windows\system32\MSASN1.dll
0x000007feefcf0000 - 0x000007feefd78000 	C:\Windows\system32\dsound.dll
0x000007fefc630000 - 0x000007fefc65c000 	C:\Windows\system32\POWRPROF.dll
0x000007fefc130000 - 0x000007fefc17b000 	C:\Windows\System32\MMDevApi.dll
0x000007fefb430000 - 0x000007fefb47f000 	C:\Windows\system32\AUDIOSES.DLL
0x000007fefb2a0000 - 0x000007fefb2f4000 	C:\Windows\system32\oleacc.dll
0x000000005bed0000 - 0x000000005d821000 	C:\Windows\system32\nvoglv64.DLL
0x000007fefbd20000 - 0x000007fefbd4d000 	C:\Windows\system32\ntmarta.dll
0x000007fefed50000 - 0x000007fefeda2000 	C:\Windows\system32\WLDAP32.dll
0x000007fef8760000 - 0x000007fef87fc000 	C:\Windows\system32\mscms.dll
0x000007fef8e70000 - 0x000007fef8eb2000 	C:\Windows\system32\icm32.dll
0x0000000066bc0000 - 0x0000000066c7b000 	C:\Users\mikeplum\AppData\Local\Temp\libgdxmikeplum\b6038e5c\gdx-box2d64.dll
0x000007fefb590000 - 0x000007fefb6b5000 	C:\Windows\system32\dbghelp.dll

VM Arguments:
jvm_args: -Didea.launcher.port=7536 -Didea.launcher.bin.path=C:\bin\IntelliJ IDEA Community Edition 2016.2.5\bin -Dfile.encoding=UTF-8 
java_command: com.intellij.rt.execution.application.AppMain com.sugarplum.mariobros.desktop.DesktopLauncher
java_class_path (initial): C:\bin\JAVA\jdk1.8.0_111\jre\lib\charsets.jar;C:\bin\JAVA\jdk1.8.0_111\jre\lib\deploy.jar;C:\bin\JAVA\jdk1.8.0_111\jre\lib\ext\access-bridge-64.jar;C:\bin\JAVA\jdk1.8.0_111\jre\lib\ext\cldrdata.jar;C:\bin\JAVA\jdk1.8.0_111\jre\lib\ext\dnsns.jar;C:\bin\JAVA\jdk1.8.0_111\jre\lib\ext\jaccess.jar;C:\bin\JAVA\jdk1.8.0_111\jre\lib\ext\jfxrt.jar;C:\bin\JAVA\jdk1.8.0_111\jre\lib\ext\localedata.jar;C:\bin\JAVA\jdk1.8.0_111\jre\lib\ext\nashorn.jar;C:\bin\JAVA\jdk1.8.0_111\jre\lib\ext\sunec.jar;C:\bin\JAVA\jdk1.8.0_111\jre\lib\ext\sunjce_provider.jar;C:\bin\JAVA\jdk1.8.0_111\jre\lib\ext\sunmscapi.jar;C:\bin\JAVA\jdk1.8.0_111\jre\lib\ext\sunpkcs11.jar;C:\bin\JAVA\jdk1.8.0_111\jre\lib\ext\zipfs.jar;C:\bin\JAVA\jdk1.8.0_111\jre\lib\javaws.jar;C:\bin\JAVA\jdk1.8.0_111\jre\lib\jce.jar;C:\bin\JAVA\jdk1.8.0_111\jre\lib\jfr.jar;C:\bin\JAVA\jdk1.8.0_111\jre\lib\jfxswt.jar;C:\bin\JAVA\jdk1.8.0_111\jre\lib\jsse.jar;C:\bin\JAVA\jdk1.8.0_111\jre\lib\management-agent.jar;C:\bin\JAVA\jdk1.8.0_111\jre\lib\plugin.jar;C:\bin\JAVA\jdk1.8.0_111\jre\lib\resources.jar;C:\bin\JAVA\jdk1.8.0_111\jre\lib\rt.jar;C:\workspace\MarioBros\desktop\build\classes\main;C:\workspace\MarioBros\core\build\classes\main;C:\Users\mikeplum\.gradle\caches\modules-2\files-2.1\com.badlogicgames.gdx\gdx-backend-lwjgl\1.9.4\4c6c108a9dcbc07096de8594b93f9cab33856fe2\gdx-backend-lwjgl-1.9.4.jar;C:\Users\mikeplum\.gradle\caches\modules-2\files-2.1\com.badlogicgames.gdx\gdx-platform\1.9.4\8e93afecc287ab152179983fc1b5f65db4c2fa4c\gdx-platform-1.9.4-natives-desktop.jar;C:\Users\mikeplum\.gradle\caches\modules-2\files-2.1\com.badlogicgames.gdx\gdx-box2d-platform\1.9.4\905a9ed3017cd3917b7fbada5ece58c40fddcbca\gdx-box2d-platform-1.9.4-natives-desktop.jar;C:\Users\mikeplum\.gradle\caches\modules-2\files-2.1\com.badlogicgames.gdx\gdx\1.9.4\4b4b7962d1bc75af0438f5c81ec1010557bc9ee5\gdx-1.9.4.jar;C:\Users\mikeplum\.gradle\caches\modules-2\files-2.1\com.badlogicgames.gdx\gdx-box2d\1.9.4\98a0d25c9f0637fecac6e4a
Launcher Type: SUN_STANDARD

Environment Variables:
JAVA_HOME=C:\bin\JAVA\jdk1.8.0_111
PATH=C:\Program Files (x86)\Common Files\Intel\Shared Files\cpp\bin\Intel64;C:\cygwin64\bin;C:\bin\JAVA\jdk1.8.0_111\bin;%C:\ProgramData\Oracle\Java\javapath;C:\Program Files (x86)\NVIDIA Corporation\PhysX\Common;C:\Windows\system32;C:\Windows;C:\Windows\System32\Wbem;C:\Windows\System32\WindowsPowerShell\v1.0\;C:\bin\Git\cmd;C:\bin\TortoiseGIT\bin;C:\Program Files (x86)\Skype\Phone\;C:\Program Files (x86)\GtkSharp\2.12\bin;C:\Users\mikeplum\AppData\Local\Programs\Python\Python36-32\Scripts\;C:\Users\mikeplum\AppData\Local\Programs\Python\Python36-32\
USERNAME=mikeplum
OS=Windows_NT
PROCESSOR_IDENTIFIER=Intel64 Family 6 Model 23 Stepping 10, GenuineIntel



---------------  S Y S T E M  ---------------

OS: Windows 7 , 64 bit Build 7601 (6.1.7601.17514)

CPU:total 2 (2 cores per cpu, 1 threads per core) family 6 model 23 stepping 10, cmov, cx8, fxsr, mmx, sse, sse2, sse3, ssse3, sse4.1, tsc

Memory: 4k page, physical 3143992k(308248k free), swap 6286140k(1045904k free)

vm_info: Java HotSpot(TM) 64-Bit Server VM (25.111-b14) for windows-amd64 JRE (1.8.0_111-b14), built on Sep 22 2016 19:24:05 by "java_re" with MS VC++ 10.0 (VS2010)

time: Sun Jan 29 21:48:37 2017
elapsed time: 10 seconds (0d 0h 0m 10s)

